<?xml version="1.0" encoding="UTF-8"?>
<coverage generated="1757027098656" clover="3.2.0">
  <project timestamp="1757027098656" name="All files">
    <metrics statements="237" coveredstatements="125" conditionals="142" coveredconditionals="43" methods="86" coveredmethods="52" elements="465" coveredelements="220" complexity="0" loc="237" ncloc="237" packages="5" files="9" classes="9"/>
    <package name="src">
      <metrics statements="13" coveredstatements="0" conditionals="2" coveredconditionals="0" methods="3" coveredmethods="0"/>
      <file name="App.tsx" path="/Users/josemi/Projects/macos_setup_2/src/App.tsx">
        <metrics statements="13" coveredstatements="0" conditionals="2" coveredconditionals="0" methods="3" coveredmethods="0"/>
        <line num="1" count="0" type="stmt"/>
        <line num="2" count="0" type="stmt"/>
        <line num="3" count="0" type="stmt"/>
        <line num="4" count="0" type="stmt"/>
        <line num="5" count="0" type="stmt"/>
        <line num="6" count="0" type="stmt"/>
        <line num="7" count="0" type="stmt"/>
        <line num="10" count="0" type="stmt"/>
        <line num="11" count="0" type="stmt"/>
        <line num="13" count="0" type="stmt"/>
        <line num="25" count="0" type="stmt"/>
        <line num="26" count="0" type="stmt"/>
        <line num="63" count="0" type="stmt"/>
      </file>
    </package>
    <package name="src.components">
      <metrics statements="99" coveredstatements="3" conditionals="98" coveredconditionals="5" methods="30" coveredmethods="1"/>
      <file name="AppGrid.tsx" path="/Users/josemi/Projects/macos_setup_2/src/components/AppGrid.tsx">
        <metrics statements="21" coveredstatements="0" conditionals="32" coveredconditionals="0" methods="7" coveredmethods="0"/>
        <line num="9" count="0" type="stmt"/>
        <line num="10" count="0" type="stmt"/>
        <line num="11" count="0" type="cond" truecount="0" falsecount="2"/>
        <line num="12" count="0" type="stmt"/>
        <line num="16" count="0" type="stmt"/>
        <line num="17" count="0" type="stmt"/>
        <line num="19" count="0" type="cond" truecount="0" falsecount="6"/>
        <line num="21" count="0" type="stmt"/>
        <line num="23" count="0" type="stmt"/>
        <line num="25" count="0" type="stmt"/>
        <line num="27" count="0" type="stmt"/>
        <line num="29" count="0" type="stmt"/>
        <line num="31" count="0" type="stmt"/>
        <line num="35" count="0" type="stmt"/>
        <line num="113" count="0" type="stmt"/>
        <line num="114" count="0" type="stmt"/>
        <line num="115" count="0" type="stmt"/>
        <line num="117" count="0" type="cond" truecount="0" falsecount="2"/>
        <line num="118" count="0" type="stmt"/>
        <line num="126" count="0" type="stmt"/>
        <line num="152" count="0" type="stmt"/>
      </file>
      <file name="Header.tsx" path="/Users/josemi/Projects/macos_setup_2/src/components/Header.tsx">
        <metrics statements="3" coveredstatements="3" conditionals="7" coveredconditionals="5" methods="1" coveredmethods="1"/>
        <line num="6" count="1" type="cond" truecount="0" falsecount="2"/>
        <line num="7" count="6" type="stmt"/>
        <line num="9" count="6" type="stmt"/>
      </file>
      <file name="ScriptSection.tsx" path="/Users/josemi/Projects/macos_setup_2/src/components/ScriptSection.tsx">
        <metrics statements="42" coveredstatements="0" conditionals="36" coveredconditionals="0" methods="10" coveredmethods="0"/>
        <line num="1" count="0" type="stmt"/>
        <line num="3" count="0" type="stmt"/>
        <line num="13" count="0" type="stmt"/>
        <line num="20" count="0" type="stmt"/>
        <line num="21" count="0" type="stmt"/>
        <line num="23" count="0" type="stmt"/>
        <line num="24" count="0" type="cond" truecount="0" falsecount="2"/>
        <line num="25" count="0" type="stmt"/>
        <line num="26" count="0" type="stmt"/>
        <line num="29" count="0" type="stmt"/>
        <line num="32" count="0" type="stmt"/>
        <line num="33" count="0" type="stmt"/>
        <line num="34" count="0" type="stmt"/>
        <line num="35" count="0" type="stmt"/>
        <line num="36" count="0" type="stmt"/>
        <line num="39" count="0" type="cond" truecount="0" falsecount="4"/>
        <line num="46" count="0" type="stmt"/>
        <line num="47" count="0" type="cond" truecount="0" falsecount="2"/>
        <line num="48" count="0" type="stmt"/>
        <line num="49" count="0" type="stmt"/>
        <line num="52" count="0" type="stmt"/>
        <line num="53" count="0" type="stmt"/>
        <line num="56" count="0" type="stmt"/>
        <line num="57" count="0" type="cond" truecount="0" falsecount="2"/>
        <line num="58" count="0" type="stmt"/>
        <line num="59" count="0" type="stmt"/>
        <line num="62" count="0" type="stmt"/>
        <line num="63" count="0" type="stmt"/>
        <line num="64" count="0" type="stmt"/>
        <line num="66" count="0" type="stmt"/>
        <line num="70" count="0" type="stmt"/>
        <line num="71" count="0" type="cond" truecount="0" falsecount="2"/>
        <line num="72" count="0" type="stmt"/>
        <line num="73" count="0" type="cond" truecount="0" falsecount="2"/>
        <line num="74" count="0" type="stmt"/>
        <line num="76" count="0" type="stmt"/>
        <line num="80" count="0" type="stmt"/>
        <line num="81" count="0" type="cond" truecount="0" falsecount="2"/>
        <line num="82" count="0" type="cond" truecount="0" falsecount="2"/>
        <line num="83" count="0" type="stmt"/>
        <line num="86" count="0" type="stmt"/>
        <line num="99" count="0" type="stmt"/>
      </file>
      <file name="TabNavigation.tsx" path="/Users/josemi/Projects/macos_setup_2/src/components/TabNavigation.tsx">
        <metrics statements="6" coveredstatements="0" conditionals="9" coveredconditionals="0" methods="3" coveredmethods="0"/>
        <line num="2" count="0" type="stmt"/>
        <line num="16" count="0" type="stmt"/>
        <line num="27" count="0" type="stmt"/>
        <line num="29" count="0" type="stmt"/>
        <line num="42" count="0" type="stmt"/>
        <line num="44" count="0" type="stmt"/>
      </file>
      <file name="ToastContainer.tsx" path="/Users/josemi/Projects/macos_setup_2/src/components/ToastContainer.tsx">
        <metrics statements="27" coveredstatements="0" conditionals="14" coveredconditionals="0" methods="9" coveredmethods="0"/>
        <line num="1" count="0" type="stmt"/>
        <line num="9" count="0" type="stmt"/>
        <line num="10" count="0" type="stmt"/>
        <line num="11" count="0" type="stmt"/>
        <line num="12" count="0" type="stmt"/>
        <line num="15" count="0" type="stmt"/>
        <line num="18" count="0" type="stmt"/>
        <line num="19" count="0" type="stmt"/>
        <line num="21" count="0" type="cond" truecount="0" falsecount="5"/>
        <line num="23" count="0" type="stmt"/>
        <line num="25" count="0" type="stmt"/>
        <line num="27" count="0" type="stmt"/>
        <line num="29" count="0" type="stmt"/>
        <line num="31" count="0" type="stmt"/>
        <line num="35" count="0" type="stmt"/>
        <line num="36" count="0" type="cond" truecount="0" falsecount="5"/>
        <line num="38" count="0" type="stmt"/>
        <line num="40" count="0" type="stmt"/>
        <line num="42" count="0" type="stmt"/>
        <line num="44" count="0" type="stmt"/>
        <line num="46" count="0" type="stmt"/>
        <line num="50" count="0" type="stmt"/>
        <line num="55" count="0" type="stmt"/>
        <line num="69" count="0" type="stmt"/>
        <line num="70" count="0" type="cond" truecount="0" falsecount="2"/>
        <line num="72" count="0" type="stmt"/>
        <line num="75" count="0" type="stmt"/>
      </file>
    </package>
    <package name="src.data">
      <metrics statements="1" coveredstatements="1" conditionals="0" coveredconditionals="0" methods="0" coveredmethods="0"/>
      <file name="apps.ts" path="/Users/josemi/Projects/macos_setup_2/src/data/apps.ts">
        <metrics statements="1" coveredstatements="1" conditionals="0" coveredconditionals="0" methods="0" coveredmethods="0"/>
        <line num="3" count="2" type="stmt"/>
      </file>
    </package>
    <package name="src.hooks">
      <metrics statements="56" coveredstatements="54" conditionals="12" coveredconditionals="12" methods="31" coveredmethods="29"/>
      <file name="useAppSelection.ts" path="/Users/josemi/Projects/macos_setup_2/src/hooks/useAppSelection.ts">
        <metrics statements="56" coveredstatements="54" conditionals="12" coveredconditionals="12" methods="31" coveredmethods="29"/>
        <line num="1" count="2" type="stmt"/>
        <line num="3" count="2" type="stmt"/>
        <line num="5" count="2" type="stmt"/>
        <line num="6" count="36" type="stmt"/>
        <line num="10" count="36" type="stmt"/>
        <line num="11" count="36" type="stmt"/>
        <line num="12" count="36" type="stmt"/>
        <line num="14" count="36" type="stmt"/>
        <line num="15" count="13" type="stmt"/>
        <line num="16" count="13" type="stmt"/>
        <line num="17" count="13" type="cond" truecount="2" falsecount="0"/>
        <line num="18" count="9" type="stmt"/>
        <line num="21" count="82" type="stmt"/>
        <line num="22" count="4" type="cond" truecount="6" falsecount="0"/>
        <line num="23" count="2" type="stmt"/>
        <line num="27" count="13" type="stmt"/>
        <line num="28" count="13" type="stmt"/>
        <line num="32" count="36" type="stmt"/>
        <line num="33" count="2" type="stmt"/>
        <line num="34" count="58" type="stmt"/>
        <line num="35" count="16" type="stmt"/>
        <line num="37" count="2" type="stmt"/>
        <line num="38" count="2" type="stmt"/>
        <line num="39" count="16" type="stmt"/>
        <line num="40" count="2" type="stmt"/>
        <line num="44" count="36" type="stmt"/>
        <line num="45" count="1" type="stmt"/>
        <line num="46" count="29" type="cond" truecount="2" falsecount="0"/>
        <line num="47" count="8" type="stmt"/>
        <line num="49" count="1" type="stmt"/>
        <line num="50" count="1" type="stmt"/>
        <line num="51" count="8" type="stmt"/>
        <line num="52" count="1" type="stmt"/>
        <line num="53" count="1" type="stmt"/>
        <line num="57" count="36" type="stmt"/>
        <line num="58" count="2" type="stmt"/>
        <line num="61" count="36" type="cond" truecount="2" falsecount="0"/>
        <line num="62" count="3" type="stmt"/>
        <line num="69" count="3" type="stmt"/>
        <line num="71" count="3" type="stmt"/>
        <line num="72" count="1" type="stmt"/>
        <line num="76" count="36" type="stmt"/>
        <line num="77" count="1" type="stmt"/>
        <line num="80" count="36" type="stmt"/>
        <line num="81" count="31" type="stmt"/>
        <line num="82" count="916" type="stmt"/>
        <line num="83" count="54" type="stmt"/>
        <line num="86" count="36" type="stmt"/>
        <line num="87" count="464" type="stmt"/>
        <line num="90" count="36" type="stmt"/>
        <line num="91" count="36" type="stmt"/>
        <line num="93" count="36" type="stmt"/>
        <line num="94" count="0" type="stmt"/>
        <line num="97" count="36" type="stmt"/>
        <line num="98" count="0" type="stmt"/>
        <line num="101" count="36" type="stmt"/>
      </file>
    </package>
    <package name="src.services">
      <metrics statements="68" coveredstatements="67" conditionals="30" coveredconditionals="26" methods="22" coveredmethods="22"/>
      <file name="ScriptGenerator.ts" path="/Users/josemi/Projects/macos_setup_2/src/services/ScriptGenerator.ts">
        <metrics statements="68" coveredstatements="67" conditionals="30" coveredconditionals="26" methods="22" coveredmethods="22"/>
        <line num="3" count="2" type="stmt"/>
        <line num="5" count="10" type="cond" truecount="5" falsecount="1"/>
        <line num="7" count="1" type="stmt"/>
        <line num="9" count="6" type="stmt"/>
        <line num="11" count="1" type="stmt"/>
        <line num="13" count="1" type="stmt"/>
        <line num="15" count="1" type="stmt"/>
        <line num="17" count="0" type="stmt"/>
        <line num="22" count="15" type="stmt"/>
        <line num="24" count="15" type="stmt"/>
        <line num="39" count="15" type="stmt"/>
        <line num="66" count="6" type="stmt"/>
        <line num="86" count="2" type="stmt"/>
        <line num="102" count="2" type="stmt"/>
        <line num="116" count="5" type="cond" truecount="1" falsecount="1"/>
        <line num="118" count="5" type="stmt"/>
        <line num="120" count="5" type="stmt"/>
        <line num="129" count="5" type="cond" truecount="1" falsecount="1"/>
        <line num="131" count="5" type="stmt"/>
        <line num="135" count="5" type="stmt"/>
        <line num="136" count="5" type="stmt"/>
        <line num="141" count="5" type="stmt"/>
        <line num="145" count="5" type="stmt"/>
        <line num="149" count="22" type="stmt"/>
        <line num="151" count="15" type="stmt"/>
        <line num="152" count="22" type="stmt"/>
        <line num="153" count="2" type="stmt"/>
        <line num="156" count="15" type="stmt"/>
        <line num="176" count="15" type="stmt"/>
        <line num="178" count="15" type="cond" truecount="1" falsecount="1"/>
        <line num="179" count="15" type="stmt"/>
        <line num="183" count="15" type="stmt"/>
        <line num="184" count="21" type="stmt"/>
        <line num="185" count="20" type="stmt"/>
        <line num="187" count="15" type="stmt"/>
        <line num="188" count="22" type="cond" truecount="2" falsecount="0"/>
        <line num="191" count="15" type="stmt"/>
        <line num="192" count="22" type="stmt"/>
        <line num="196" count="15" type="cond" truecount="2" falsecount="0"/>
        <line num="197" count="6" type="stmt"/>
        <line num="201" count="15" type="cond" truecount="2" falsecount="0"/>
        <line num="202" count="2" type="stmt"/>
        <line num="206" count="15" type="cond" truecount="2" falsecount="0"/>
        <line num="207" count="5" type="stmt"/>
        <line num="211" count="15" type="cond" truecount="2" falsecount="0"/>
        <line num="212" count="5" type="stmt"/>
        <line num="216" count="15" type="cond" truecount="2" falsecount="0"/>
        <line num="217" count="2" type="stmt"/>
        <line num="221" count="15" type="stmt"/>
        <line num="223" count="15" type="stmt"/>
        <line num="227" count="2" type="stmt"/>
        <line num="228" count="2" type="stmt"/>
        <line num="229" count="2" type="stmt"/>
        <line num="230" count="2" type="stmt"/>
        <line num="231" count="2" type="stmt"/>
        <line num="232" count="2" type="stmt"/>
        <line num="233" count="2" type="stmt"/>
        <line num="234" count="2" type="stmt"/>
        <line num="235" count="2" type="stmt"/>
        <line num="236" count="2" type="stmt"/>
        <line num="240" count="2" type="stmt"/>
        <line num="241" count="2" type="stmt"/>
        <line num="244" count="1" type="stmt"/>
        <line num="245" count="1" type="stmt"/>
        <line num="246" count="1" type="stmt"/>
        <line num="247" count="1" type="stmt"/>
        <line num="248" count="1" type="stmt"/>
        <line num="249" count="1" type="stmt"/>
      </file>
    </package>
  </project>
</coverage>
