{"/Users/josemi/Projects/macos_setup_2/src/App.tsx": {"path":"/Users/josemi/Projects/macos_setup_2/src/App.tsx","statementMap":{"0":{"start":{"line":1,"column":0},"end":{"line":1,"column":45}},"1":{"start":{"line":2,"column":0},"end":{"line":2,"column":59}},"2":{"start":{"line":3,"column":0},"end":{"line":3,"column":47}},"3":{"start":{"line":4,"column":0},"end":{"line":4,"column":59}},"4":{"start":{"line":5,"column":0},"end":{"line":5,"column":61}},"5":{"start":{"line":6,"column":0},"end":{"line":6,"column":58}},"6":{"start":{"line":7,"column":0},"end":{"line":7,"column":40}},"7":{"start":{"line":10,"column":23},"end":{"line":10,"column":40}},"8":{"start":{"line":11,"column":20},"end":{"line":11,"column":41}},"9":{"start":{"line":13,"column":2},"end":{"line":60,"column":4}},"10":{"start":{"line":25,"column":31},"end":{"line":25,"column":92}},"11":{"start":{"line":26,"column":33},"end":{"line":26,"column":96}},"12":{"start":{"line":63,"column":0},"end":{"line":63,"column":19}}},"fnMap":{"0":{"name":"App","decl":{"start":{"line":9,"column":9},"end":{"line":9,"column":12}},"loc":{"start":{"line":9,"column":12},"end":{"line":61,"column":1}}},"1":{"name":"(anonymous_1)","decl":{"start":{"line":25,"column":25},"end":{"line":25,"column":28}},"loc":{"start":{"line":25,"column":31},"end":{"line":25,"column":92}}},"2":{"name":"(anonymous_2)","decl":{"start":{"line":26,"column":27},"end":{"line":26,"column":30}},"loc":{"start":{"line":26,"column":33},"end":{"line":26,"column":96}}}},"branchMap":{"0":{"loc":{"start":{"line":43,"column":11},"end":{"line":50,"column":null}},"type":"binary-expr","locations":[{"start":{"line":43,"column":11},"end":{"line":43,"column":41}},{"start":{"line":44,"column":12},"end":{"line":49,"column":null}}]}},"s":{"0":0,"1":0,"2":0,"3":0,"4":0,"5":0,"6":0,"7":0,"8":0,"9":0,"10":0,"11":0,"12":0},"f":{"0":0,"1":0,"2":0},"b":{"0":[0,0]}}
,"/Users/josemi/Projects/macos_setup_2/src/components/AppGrid.tsx": {"path":"/Users/josemi/Projects/macos_setup_2/src/components/AppGrid.tsx","statementMap":{"0":{"start":{"line":9,"column":16},"end":{"line":105,"column":1}},"1":{"start":{"line":10,"column":22},"end":{"line":14,"column":3}},"2":{"start":{"line":11,"column":4},"end":{"line":13,"column":5}},"3":{"start":{"line":12,"column":6},"end":{"line":12,"column":36}},"4":{"start":{"line":16,"column":30},"end":{"line":33,"column":3}},"5":{"start":{"line":17,"column":25},"end":{"line":17,"column":69}},"6":{"start":{"line":19,"column":4},"end":{"line":32,"column":5}},"7":{"start":{"line":21,"column":8},"end":{"line":21,"column":89}},"8":{"start":{"line":23,"column":8},"end":{"line":23,"column":96}},"9":{"start":{"line":25,"column":8},"end":{"line":25,"column":100}},"10":{"start":{"line":27,"column":8},"end":{"line":27,"column":101}},"11":{"start":{"line":29,"column":8},"end":{"line":29,"column":88}},"12":{"start":{"line":31,"column":8},"end":{"line":31,"column":91}},"13":{"start":{"line":35,"column":2},"end":{"line":104,"column":4}},"14":{"start":{"line":113,"column":23},"end":{"line":162,"column":1}},"15":{"start":{"line":114,"column":29},"end":{"line":114,"column":80}},"16":{"start":{"line":114,"column":48},"end":{"line":114,"column":72}},"17":{"start":{"line":115,"column":26},"end":{"line":115,"column":37}},"18":{"start":{"line":117,"column":2},"end":{"line":124,"column":3}},"19":{"start":{"line":118,"column":4},"end":{"line":123,"column":6}},"20":{"start":{"line":126,"column":2},"end":{"line":161,"column":4}},"21":{"start":{"line":152,"column":10},"end":{"line":153,"column":null}},"22":{"start":{"line":113,"column":13},"end":{"line":113,"column":23}}},"fnMap":{"0":{"name":"(anonymous_0)","decl":{"start":{"line":9,"column":16},"end":{"line":9,"column":17}},"loc":{"start":{"line":9,"column":64},"end":{"line":105,"column":1}}},"1":{"name":"(anonymous_1)","decl":{"start":{"line":10,"column":22},"end":{"line":10,"column":25}},"loc":{"start":{"line":10,"column":27},"end":{"line":14,"column":3}}},"2":{"name":"(anonymous_2)","decl":{"start":{"line":16,"column":30},"end":{"line":16,"column":33}},"loc":{"start":{"line":16,"column":35},"end":{"line":33,"column":3}}},"3":{"name":"(anonymous_3)","decl":{"start":{"line":84,"column":22},"end":{"line":84,"column":25}},"loc":{"start":{"line":84,"column":27},"end":{"line":84,"column":30}}},"4":{"name":"(anonymous_4)","decl":{"start":{"line":113,"column":23},"end":{"line":113,"column":24}},"loc":{"start":{"line":113,"column":77},"end":{"line":162,"column":1}}},"5":{"name":"(anonymous_5)","decl":{"start":{"line":114,"column":41},"end":{"line":114,"column":44}},"loc":{"start":{"line":114,"column":48},"end":{"line":114,"column":72}}},"6":{"name":"(anonymous_6)","decl":{"start":{"line":151,"column":18},"end":{"line":151,"column":19}},"loc":{"start":{"line":152,"column":10},"end":{"line":153,"column":null}}}},"branchMap":{"0":{"loc":{"start":{"line":11,"column":4},"end":{"line":13,"column":5}},"type":"if","locations":[{"start":{"line":11,"column":4},"end":{"line":13,"column":5}},{"start":{},"end":{}}]},"1":{"loc":{"start":{"line":19,"column":4},"end":{"line":32,"column":5}},"type":"switch","locations":[{"start":{"line":20,"column":6},"end":{"line":21,"column":89}},{"start":{"line":22,"column":6},"end":{"line":23,"column":96}},{"start":{"line":24,"column":6},"end":{"line":25,"column":100}},{"start":{"line":26,"column":6},"end":{"line":27,"column":101}},{"start":{"line":28,"column":6},"end":{"line":29,"column":88}},{"start":{"line":30,"column":6},"end":{"line":31,"column":91}}]},"2":{"loc":{"start":{"line":40,"column":10},"end":{"line":42,"column":null}},"type":"cond-expr","locations":[{"start":{"line":41,"column":12},"end":{"line":41,"column":77}},{"start":{"line":42,"column":12},"end":{"line":42,"column":null}}]},"3":{"loc":{"start":{"line":44,"column":10},"end":{"line":48,"column":null}},"type":"cond-expr","locations":[{"start":{"line":45,"column":12},"end":{"line":47,"column":83}},{"start":{"line":48,"column":12},"end":{"line":48,"column":null}}]},"4":{"loc":{"start":{"line":45,"column":12},"end":{"line":47,"column":83}},"type":"cond-expr","locations":[{"start":{"line":46,"column":14},"end":{"line":46,"column":67}},{"start":{"line":47,"column":14},"end":{"line":47,"column":83}}]},"5":{"loc":{"start":{"line":50,"column":10},"end":{"line":50,"column":44}},"type":"cond-expr","locations":[{"start":{"line":50,"column":27},"end":{"line":50,"column":39}},{"start":{"line":50,"column":42},"end":{"line":50,"column":44}}]},"6":{"loc":{"start":{"line":56,"column":10},"end":{"line":56,"column":60}},"type":"cond-expr","locations":[{"start":{"line":56,"column":26},"end":{"line":56,"column":41}},{"start":{"line":56,"column":44},"end":{"line":56,"column":60}}]},"7":{"loc":{"start":{"line":65,"column":11},"end":{"line":68,"column":null}},"type":"binary-expr","locations":[{"start":{"line":65,"column":11},"end":{"line":65,"column":25}},{"start":{"line":66,"column":12},"end":{"line":66,"column":null}}]},"8":{"loc":{"start":{"line":89,"column":14},"end":{"line":93,"column":null}},"type":"cond-expr","locations":[{"start":{"line":90,"column":16},"end":{"line":92,"column":53}},{"start":{"line":93,"column":16},"end":{"line":93,"column":null}}]},"9":{"loc":{"start":{"line":90,"column":16},"end":{"line":92,"column":53}},"type":"cond-expr","locations":[{"start":{"line":91,"column":18},"end":{"line":91,"column":51}},{"start":{"line":92,"column":18},"end":{"line":92,"column":53}}]},"10":{"loc":{"start":{"line":95,"column":14},"end":{"line":95,"column":72}},"type":"cond-expr","locations":[{"start":{"line":95,"column":31},"end":{"line":95,"column":43}},{"start":{"line":95,"column":46},"end":{"line":95,"column":72}}]},"11":{"loc":{"start":{"line":97,"column":13},"end":{"line":98,"column":null}},"type":"binary-expr","locations":[{"start":{"line":97,"column":13},"end":{"line":97,"column":23}},{"start":{"line":98,"column":14},"end":{"line":98,"column":64}}]},"12":{"loc":{"start":{"line":117,"column":2},"end":{"line":124,"column":3}},"type":"if","locations":[{"start":{"line":117,"column":2},"end":{"line":124,"column":3}},{"start":{},"end":{}}]},"13":{"loc":{"start":{"line":139,"column":9},"end":{"line":145,"column":null}},"type":"binary-expr","locations":[{"start":{"line":139,"column":9},"end":{"line":139,"column":31}},{"start":{"line":140,"column":10},"end":{"line":144,"column":null}}]}},"s":{"0":0,"1":0,"2":0,"3":0,"4":0,"5":0,"6":0,"7":0,"8":0,"9":0,"10":0,"11":0,"12":0,"13":0,"14":0,"15":0,"16":0,"17":0,"18":0,"19":0,"20":0,"21":0,"22":0},"f":{"0":0,"1":0,"2":0,"3":0,"4":0,"5":0,"6":0},"b":{"0":[0,0],"1":[0,0,0,0,0,0],"2":[0,0],"3":[0,0],"4":[0,0],"5":[0,0],"6":[0,0],"7":[0,0],"8":[0,0],"9":[0,0],"10":[0,0],"11":[0,0],"12":[0,0],"13":[0,0]}}
,"/Users/josemi/Projects/macos_setup_2/src/components/Header.tsx": {"path":"/Users/josemi/Projects/macos_setup_2/src/components/Header.tsx","statementMap":{"0":{"start":{"line":6,"column":22},"end":{"line":43,"column":1}},"1":{"start":{"line":7,"column":24},"end":{"line":7,"column":41}},"2":{"start":{"line":9,"column":2},"end":{"line":42,"column":4}},"3":{"start":{"line":6,"column":13},"end":{"line":6,"column":22}}},"fnMap":{"0":{"name":"(anonymous_0)","decl":{"start":{"line":6,"column":22},"end":{"line":6,"column":23}},"loc":{"start":{"line":6,"column":76},"end":{"line":43,"column":1}}}},"branchMap":{"0":{"loc":{"start":{"line":6,"column":25},"end":{"line":6,"column":42}},"type":"default-arg","locations":[{"start":{"line":6,"column":41},"end":{"line":6,"column":42}}]},"1":{"loc":{"start":{"line":6,"column":44},"end":{"line":6,"column":57}},"type":"default-arg","locations":[{"start":{"line":6,"column":56},"end":{"line":6,"column":57}}]},"2":{"loc":{"start":{"line":23,"column":9},"end":{"line":29,"column":null}},"type":"binary-expr","locations":[{"start":{"line":23,"column":9},"end":{"line":23,"column":22}},{"start":{"line":24,"column":10},"end":{"line":28,"column":null}}]},"3":{"loc":{"start":{"line":32,"column":9},"end":{"line":38,"column":null}},"type":"binary-expr","locations":[{"start":{"line":32,"column":9},"end":{"line":32,"column":23}},{"start":{"line":32,"column":27},"end":{"line":32,"column":40}},{"start":{"line":33,"column":10},"end":{"line":37,"column":null}}]}},"s":{"0":1,"1":6,"2":6,"3":1},"f":{"0":6},"b":{"0":[0],"1":[0],"2":[6,2],"3":[6,4,4]}}
,"/Users/josemi/Projects/macos_setup_2/src/components/ScriptSection.tsx": {"path":"/Users/josemi/Projects/macos_setup_2/src/components/ScriptSection.tsx","statementMap":{"0":{"start":{"line":1,"column":0},"end":{"line":1,"column":33}},"1":{"start":{"line":3,"column":0},"end":{"line":3,"column":62}},"2":{"start":{"line":13,"column":29},"end":{"line":224,"column":1}},"3":{"start":{"line":20,"column":48},"end":{"line":20,"column":68}},"4":{"start":{"line":21,"column":42},"end":{"line":21,"column":57}},"5":{"start":{"line":23,"column":25},"end":{"line":44,"column":4}},"6":{"start":{"line":23,"column":36},"end":{"line":44,"column":4}},"7":{"start":{"line":24,"column":4},"end":{"line":27,"column":5}},"8":{"start":{"line":25,"column":6},"end":{"line":25,"column":79}},"9":{"start":{"line":26,"column":6},"end":{"line":26,"column":13}},"10":{"start":{"line":29,"column":4},"end":{"line":29,"column":26}},"11":{"start":{"line":32,"column":4},"end":{"line":43,"column":13}},"12":{"start":{"line":33,"column":21},"end":{"line":33,"column":59}},"13":{"start":{"line":34,"column":6},"end":{"line":34,"column":33}},"14":{"start":{"line":35,"column":6},"end":{"line":35,"column":29}},"15":{"start":{"line":36,"column":6},"end":{"line":36,"column":51}},"16":{"start":{"line":39,"column":6},"end":{"line":42,"column":9}},"17":{"start":{"line":46,"column":25},"end":{"line":54,"column":3}},"18":{"start":{"line":47,"column":4},"end":{"line":50,"column":5}},"19":{"start":{"line":48,"column":6},"end":{"line":48,"column":55}},"20":{"start":{"line":49,"column":6},"end":{"line":49,"column":13}},"21":{"start":{"line":52,"column":4},"end":{"line":52,"column":52}},"22":{"start":{"line":53,"column":4},"end":{"line":53,"column":57}},"23":{"start":{"line":56,"column":21},"end":{"line":68,"column":4}},"24":{"start":{"line":56,"column":32},"end":{"line":68,"column":4}},"25":{"start":{"line":57,"column":4},"end":{"line":60,"column":5}},"26":{"start":{"line":58,"column":6},"end":{"line":58,"column":55}},"27":{"start":{"line":59,"column":6},"end":{"line":59,"column":13}},"28":{"start":{"line":62,"column":4},"end":{"line":67,"column":5}},"29":{"start":{"line":63,"column":6},"end":{"line":63,"column":61}},"30":{"start":{"line":64,"column":6},"end":{"line":64,"column":52}},"31":{"start":{"line":66,"column":6},"end":{"line":66,"column":56}},"32":{"start":{"line":70,"column":27},"end":{"line":78,"column":3}},"33":{"start":{"line":71,"column":4},"end":{"line":77,"column":5}},"34":{"start":{"line":72,"column":6},"end":{"line":72,"column":88}},"35":{"start":{"line":73,"column":11},"end":{"line":77,"column":5}},"36":{"start":{"line":74,"column":6},"end":{"line":74,"column":87}},"37":{"start":{"line":76,"column":6},"end":{"line":76,"column":62}},"38":{"start":{"line":80,"column":25},"end":{"line":84,"column":3}},"39":{"start":{"line":81,"column":4},"end":{"line":81,"column":49}},"40":{"start":{"line":81,"column":25},"end":{"line":81,"column":49}},"41":{"start":{"line":82,"column":4},"end":{"line":82,"column":46}},"42":{"start":{"line":82,"column":23},"end":{"line":82,"column":46}},"43":{"start":{"line":83,"column":4},"end":{"line":83,"column":27}},"44":{"start":{"line":86,"column":2},"end":{"line":223,"column":4}},"45":{"start":{"line":99,"column":14},"end":{"line":99,"column":32}},"46":{"start":{"line":13,"column":13},"end":{"line":13,"column":29}}},"fnMap":{"0":{"name":"(anonymous_7)","decl":{"start":{"line":13,"column":29},"end":{"line":13,"column":30}},"loc":{"start":{"line":19,"column":25},"end":{"line":224,"column":1}}},"1":{"name":"(anonymous_8)","decl":{"start":{"line":23,"column":25},"end":{"line":23,"column":34}},"loc":{"start":{"line":23,"column":36},"end":{"line":44,"column":4}}},"2":{"name":"(anonymous_9)","decl":{"start":{"line":23,"column":36},"end":{"line":23,"column":null}},"loc":{"start":{"line":23,"column":36},"end":{"line":44,"column":3}}},"3":{"name":"(anonymous_10)","decl":{"start":{"line":32,"column":15},"end":{"line":32,"column":18}},"loc":{"start":{"line":32,"column":20},"end":{"line":43,"column":5}}},"4":{"name":"(anonymous_11)","decl":{"start":{"line":46,"column":25},"end":{"line":46,"column":28}},"loc":{"start":{"line":46,"column":30},"end":{"line":54,"column":3}}},"5":{"name":"(anonymous_12)","decl":{"start":{"line":56,"column":21},"end":{"line":56,"column":30}},"loc":{"start":{"line":56,"column":32},"end":{"line":68,"column":4}}},"6":{"name":"(anonymous_13)","decl":{"start":{"line":56,"column":32},"end":{"line":56,"column":null}},"loc":{"start":{"line":56,"column":32},"end":{"line":68,"column":3}}},"7":{"name":"(anonymous_14)","decl":{"start":{"line":70,"column":27},"end":{"line":70,"column":30}},"loc":{"start":{"line":70,"column":32},"end":{"line":78,"column":3}}},"8":{"name":"(anonymous_15)","decl":{"start":{"line":80,"column":25},"end":{"line":80,"column":28}},"loc":{"start":{"line":80,"column":30},"end":{"line":84,"column":3}}},"9":{"name":"(anonymous_16)","decl":{"start":{"line":98,"column":30},"end":{"line":98,"column":31}},"loc":{"start":{"line":99,"column":14},"end":{"line":99,"column":32}}}},"branchMap":{"0":{"loc":{"start":{"line":24,"column":4},"end":{"line":27,"column":5}},"type":"if","locations":[{"start":{"line":24,"column":4},"end":{"line":27,"column":5}},{"start":{},"end":{}}]},"1":{"loc":{"start":{"line":39,"column":6},"end":{"line":42,"column":8}},"type":"cond-expr","locations":[{"start":{"line":39,"column":47},"end":{"line":39,"column":49}},{"start":{"line":39,"column":47},"end":{"line":42,"column":8}}]},"2":{"loc":{"start":{"line":39,"column":6},"end":{"line":39,"column":49}},"type":"binary-expr","locations":[{"start":{"line":39,"column":6},"end":{"line":39,"column":49}},{"start":{"line":39,"column":47},"end":{"line":39,"column":49}}]},"3":{"loc":{"start":{"line":47,"column":4},"end":{"line":50,"column":5}},"type":"if","locations":[{"start":{"line":47,"column":4},"end":{"line":50,"column":5}},{"start":{},"end":{}}]},"4":{"loc":{"start":{"line":57,"column":4},"end":{"line":60,"column":5}},"type":"if","locations":[{"start":{"line":57,"column":4},"end":{"line":60,"column":5}},{"start":{},"end":{}}]},"5":{"loc":{"start":{"line":71,"column":4},"end":{"line":77,"column":5}},"type":"if","locations":[{"start":{"line":71,"column":4},"end":{"line":77,"column":5}},{"start":{"line":73,"column":11},"end":{"line":77,"column":5}}]},"6":{"loc":{"start":{"line":73,"column":11},"end":{"line":77,"column":5}},"type":"if","locations":[{"start":{"line":73,"column":11},"end":{"line":77,"column":5}},{"start":{"line":75,"column":11},"end":{"line":77,"column":5}}]},"7":{"loc":{"start":{"line":81,"column":4},"end":{"line":81,"column":49}},"type":"if","locations":[{"start":{"line":81,"column":4},"end":{"line":81,"column":49}},{"start":{},"end":{}}]},"8":{"loc":{"start":{"line":82,"column":4},"end":{"line":82,"column":46}},"type":"if","locations":[{"start":{"line":82,"column":4},"end":{"line":82,"column":46}},{"start":{},"end":{}}]},"9":{"loc":{"start":{"line":89,"column":7},"end":{"line":108,"column":null}},"type":"binary-expr","locations":[{"start":{"line":89,"column":7},"end":{"line":89,"column":20}},{"start":{"line":90,"column":8},"end":{"line":107,"column":null}}]},"10":{"loc":{"start":{"line":123,"column":20},"end":{"line":123,"column":50}},"type":"binary-expr","locations":[{"start":{"line":123,"column":20},"end":{"line":123,"column":34}},{"start":{"line":123,"column":38},"end":{"line":123,"column":50}}]},"11":{"loc":{"start":{"line":126,"column":14},"end":{"line":128,"column":null}},"type":"cond-expr","locations":[{"start":{"line":127,"column":16},"end":{"line":127,"column":103}},{"start":{"line":128,"column":16},"end":{"line":128,"column":null}}]},"12":{"loc":{"start":{"line":126,"column":14},"end":{"line":126,"column":44}},"type":"binary-expr","locations":[{"start":{"line":126,"column":14},"end":{"line":126,"column":27}},{"start":{"line":126,"column":31},"end":{"line":126,"column":44}}]},"13":{"loc":{"start":{"line":132,"column":11},"end":{"line":141,"column":null}},"type":"cond-expr","locations":[{"start":{"line":133,"column":12},"end":{"line":134,"column":null}},{"start":{"line":138,"column":12},"end":{"line":139,"column":null}}]},"14":{"loc":{"start":{"line":150,"column":14},"end":{"line":152,"column":null}},"type":"cond-expr","locations":[{"start":{"line":151,"column":16},"end":{"line":151,"column":99}},{"start":{"line":152,"column":16},"end":{"line":152,"column":null}}]},"15":{"loc":{"start":{"line":165,"column":14},"end":{"line":167,"column":null}},"type":"cond-expr","locations":[{"start":{"line":166,"column":16},"end":{"line":166,"column":97}},{"start":{"line":167,"column":16},"end":{"line":167,"column":null}}]},"16":{"loc":{"start":{"line":189,"column":13},"end":{"line":198,"column":null}},"type":"binary-expr","locations":[{"start":{"line":189,"column":13},"end":{"line":189,"column":28}},{"start":{"line":189,"column":32},"end":{"line":198,"column":null}}]},"17":{"loc":{"start":{"line":204,"column":7},"end":{"line":220,"column":null}},"type":"binary-expr","locations":[{"start":{"line":204,"column":7},"end":{"line":204,"column":22}},{"start":{"line":205,"column":8},"end":{"line":219,"column":null}}]}},"s":{"0":0,"1":0,"2":0,"3":0,"4":0,"5":0,"6":0,"7":0,"8":0,"9":0,"10":0,"11":0,"12":0,"13":0,"14":0,"15":0,"16":0,"17":0,"18":0,"19":0,"20":0,"21":0,"22":0,"23":0,"24":0,"25":0,"26":0,"27":0,"28":0,"29":0,"30":0,"31":0,"32":0,"33":0,"34":0,"35":0,"36":0,"37":0,"38":0,"39":0,"40":0,"41":0,"42":0,"43":0,"44":0,"45":0,"46":0},"f":{"0":0,"1":0,"2":0,"3":0,"4":0,"5":0,"6":0,"7":0,"8":0,"9":0},"b":{"0":[0,0],"1":[0,0],"2":[0,0],"3":[0,0],"4":[0,0],"5":[0,0],"6":[0,0],"7":[0,0],"8":[0,0],"9":[0,0],"10":[0,0],"11":[0,0],"12":[0,0],"13":[0,0],"14":[0,0],"15":[0,0],"16":[0,0],"17":[0,0]}}
,"/Users/josemi/Projects/macos_setup_2/src/components/TabNavigation.tsx": {"path":"/Users/josemi/Projects/macos_setup_2/src/components/TabNavigation.tsx","statementMap":{"0":{"start":{"line":2,"column":0},"end":{"line":2,"column":41}},"1":{"start":{"line":16,"column":29},"end":{"line":96,"column":1}},"2":{"start":{"line":27,"column":21},"end":{"line":27,"column":118}},"3":{"start":{"line":29,"column":2},"end":{"line":95,"column":4}},"4":{"start":{"line":42,"column":12},"end":{"line":43,"column":null}},"5":{"start":{"line":44,"column":29},"end":{"line":44,"column":50}},"6":{"start":{"line":16,"column":13},"end":{"line":16,"column":29}}},"fnMap":{"0":{"name":"(anonymous_0)","decl":{"start":{"line":16,"column":29},"end":{"line":16,"column":30}},"loc":{"start":{"line":26,"column":25},"end":{"line":96,"column":1}}},"1":{"name":"(anonymous_1)","decl":{"start":{"line":41,"column":26},"end":{"line":41,"column":27}},"loc":{"start":{"line":42,"column":12},"end":{"line":43,"column":null}}},"2":{"name":"(anonymous_2)","decl":{"start":{"line":44,"column":23},"end":{"line":44,"column":26}},"loc":{"start":{"line":44,"column":29},"end":{"line":44,"column":50}}}},"branchMap":{"0":{"loc":{"start":{"line":24,"column":2},"end":{"line":24,"column":23}},"type":"default-arg","locations":[{"start":{"line":24,"column":18},"end":{"line":24,"column":23}}]},"1":{"loc":{"start":{"line":25,"column":2},"end":{"line":25,"column":27}},"type":"default-arg","locations":[{"start":{"line":25,"column":22},"end":{"line":25,"column":27}}]},"2":{"loc":{"start":{"line":48,"column":18},"end":{"line":50,"column":null}},"type":"cond-expr","locations":[{"start":{"line":49,"column":20},"end":{"line":49,"column":57}},{"start":{"line":50,"column":20},"end":{"line":50,"column":null}}]},"3":{"loc":{"start":{"line":61,"column":11},"end":{"line":75,"column":null}},"type":"binary-expr","locations":[{"start":{"line":61,"column":11},"end":{"line":61,"column":29}},{"start":{"line":61,"column":33},"end":{"line":61,"column":49}},{"start":{"line":62,"column":12},"end":{"line":73,"column":null}}]},"4":{"loc":{"start":{"line":67,"column":18},"end":{"line":69,"column":null}},"type":"cond-expr","locations":[{"start":{"line":68,"column":20},"end":{"line":68,"column":94}},{"start":{"line":69,"column":20},"end":{"line":69,"column":null}}]}},"s":{"0":0,"1":0,"2":0,"3":0,"4":0,"5":0,"6":0},"f":{"0":0,"1":0,"2":0},"b":{"0":[0],"1":[0],"2":[0,0],"3":[0,0,0],"4":[0,0]}}
,"/Users/josemi/Projects/macos_setup_2/src/components/ToastContainer.tsx": {"path":"/Users/josemi/Projects/macos_setup_2/src/components/ToastContainer.tsx","statementMap":{"0":{"start":{"line":1,"column":0},"end":{"line":1,"column":34}},"1":{"start":{"line":9,"column":18},"end":{"line":62,"column":1}},"2":{"start":{"line":10,"column":2},"end":{"line":16,"column":43}},"3":{"start":{"line":11,"column":18},"end":{"line":13,"column":30}},"4":{"start":{"line":12,"column":6},"end":{"line":12,"column":25}},"5":{"start":{"line":15,"column":4},"end":{"line":15,"column":37}},"6":{"start":{"line":15,"column":17},"end":{"line":15,"column":36}},"7":{"start":{"line":18,"column":25},"end":{"line":33,"column":3}},"8":{"start":{"line":19,"column":23},"end":{"line":19,"column":118}},"9":{"start":{"line":21,"column":4},"end":{"line":32,"column":5}},"10":{"start":{"line":23,"column":8},"end":{"line":23,"column":75}},"11":{"start":{"line":25,"column":8},"end":{"line":25,"column":69}},"12":{"start":{"line":27,"column":8},"end":{"line":27,"column":78}},"13":{"start":{"line":29,"column":8},"end":{"line":29,"column":72}},"14":{"start":{"line":31,"column":8},"end":{"line":31,"column":72}},"15":{"start":{"line":35,"column":18},"end":{"line":48,"column":3}},"16":{"start":{"line":36,"column":4},"end":{"line":47,"column":5}},"17":{"start":{"line":38,"column":8},"end":{"line":38,"column":33}},"18":{"start":{"line":40,"column":8},"end":{"line":40,"column":39}},"19":{"start":{"line":42,"column":8},"end":{"line":42,"column":41}},"20":{"start":{"line":44,"column":8},"end":{"line":44,"column":32}},"21":{"start":{"line":46,"column":8},"end":{"line":46,"column":25}},"22":{"start":{"line":50,"column":2},"end":{"line":61,"column":4}},"23":{"start":{"line":55,"column":23},"end":{"line":55,"column":41}},"24":{"start":{"line":69,"column":30},"end":{"line":83,"column":1}},"25":{"start":{"line":70,"column":2},"end":{"line":70,"column":39}},"26":{"start":{"line":70,"column":27},"end":{"line":70,"column":39}},"27":{"start":{"line":72,"column":2},"end":{"line":82,"column":4}},"28":{"start":{"line":75,"column":8},"end":{"line":76,"column":null}},"29":{"start":{"line":69,"column":13},"end":{"line":69,"column":30}}},"fnMap":{"0":{"name":"(anonymous_0)","decl":{"start":{"line":9,"column":18},"end":{"line":9,"column":19}},"loc":{"start":{"line":9,"column":58},"end":{"line":62,"column":1}}},"1":{"name":"(anonymous_1)","decl":{"start":{"line":10,"column":12},"end":{"line":10,"column":15}},"loc":{"start":{"line":10,"column":17},"end":{"line":16,"column":3}}},"2":{"name":"(anonymous_2)","decl":{"start":{"line":11,"column":29},"end":{"line":11,"column":32}},"loc":{"start":{"line":11,"column":34},"end":{"line":13,"column":5}}},"3":{"name":"(anonymous_3)","decl":{"start":{"line":15,"column":11},"end":{"line":15,"column":14}},"loc":{"start":{"line":15,"column":17},"end":{"line":15,"column":36}}},"4":{"name":"(anonymous_4)","decl":{"start":{"line":18,"column":25},"end":{"line":18,"column":28}},"loc":{"start":{"line":18,"column":30},"end":{"line":33,"column":3}}},"5":{"name":"(anonymous_5)","decl":{"start":{"line":35,"column":18},"end":{"line":35,"column":21}},"loc":{"start":{"line":35,"column":23},"end":{"line":48,"column":3}}},"6":{"name":"(anonymous_6)","decl":{"start":{"line":55,"column":17},"end":{"line":55,"column":20}},"loc":{"start":{"line":55,"column":23},"end":{"line":55,"column":41}}},"7":{"name":"(anonymous_7)","decl":{"start":{"line":69,"column":30},"end":{"line":69,"column":31}},"loc":{"start":{"line":69,"column":81},"end":{"line":83,"column":1}}},"8":{"name":"(anonymous_8)","decl":{"start":{"line":74,"column":18},"end":{"line":74,"column":19}},"loc":{"start":{"line":75,"column":8},"end":{"line":76,"column":null}}}},"branchMap":{"0":{"loc":{"start":{"line":13,"column":7},"end":{"line":13,"column":29}},"type":"binary-expr","locations":[{"start":{"line":13,"column":7},"end":{"line":13,"column":21}},{"start":{"line":13,"column":25},"end":{"line":13,"column":29}}]},"1":{"loc":{"start":{"line":21,"column":4},"end":{"line":32,"column":5}},"type":"switch","locations":[{"start":{"line":22,"column":6},"end":{"line":23,"column":75}},{"start":{"line":24,"column":6},"end":{"line":25,"column":69}},{"start":{"line":26,"column":6},"end":{"line":27,"column":78}},{"start":{"line":28,"column":6},"end":{"line":29,"column":72}},{"start":{"line":30,"column":6},"end":{"line":31,"column":72}}]},"2":{"loc":{"start":{"line":36,"column":4},"end":{"line":47,"column":5}},"type":"switch","locations":[{"start":{"line":37,"column":6},"end":{"line":38,"column":33}},{"start":{"line":39,"column":6},"end":{"line":40,"column":39}},{"start":{"line":41,"column":6},"end":{"line":42,"column":41}},{"start":{"line":43,"column":6},"end":{"line":44,"column":32}},{"start":{"line":45,"column":6},"end":{"line":46,"column":25}}]},"3":{"loc":{"start":{"line":70,"column":2},"end":{"line":70,"column":39}},"type":"if","locations":[{"start":{"line":70,"column":2},"end":{"line":70,"column":39}},{"start":{},"end":{}}]}},"s":{"0":0,"1":0,"2":0,"3":0,"4":0,"5":0,"6":0,"7":0,"8":0,"9":0,"10":0,"11":0,"12":0,"13":0,"14":0,"15":0,"16":0,"17":0,"18":0,"19":0,"20":0,"21":0,"22":0,"23":0,"24":0,"25":0,"26":0,"27":0,"28":0,"29":0},"f":{"0":0,"1":0,"2":0,"3":0,"4":0,"5":0,"6":0,"7":0,"8":0},"b":{"0":[0,0],"1":[0,0,0,0,0],"2":[0,0,0,0,0],"3":[0,0]}}
,"/Users/josemi/Projects/macos_setup_2/src/data/apps.ts": {"path":"/Users/josemi/Projects/macos_setup_2/src/data/apps.ts","statementMap":{"0":{"start":{"line":3,"column":13},"end":{"line":309,"column":2}}},"fnMap":{},"branchMap":{},"s":{"0":2},"f":{},"b":{}}
,"/Users/josemi/Projects/macos_setup_2/src/hooks/useAppSelection.ts": {"path":"/Users/josemi/Projects/macos_setup_2/src/hooks/useAppSelection.ts","statementMap":{"0":{"start":{"line":1,"column":0},"end":{"line":1,"column":55}},"1":{"start":{"line":3,"column":0},"end":{"line":3,"column":41}},"2":{"start":{"line":5,"column":31},"end":{"line":120,"column":1}},"3":{"start":{"line":6,"column":42},"end":{"line":8,"column":4}},"4":{"start":{"line":10,"column":46},"end":{"line":10,"column":81}},"5":{"start":{"line":11,"column":30},"end":{"line":11,"column":51}},"6":{"start":{"line":12,"column":52},"end":{"line":12,"column":76}},"7":{"start":{"line":14,"column":20},"end":{"line":30,"column":8}},"8":{"start":{"line":15,"column":4},"end":{"line":29,"column":7}},"9":{"start":{"line":16,"column":21},"end":{"line":16,"column":34}},"10":{"start":{"line":17,"column":6},"end":{"line":25,"column":7}},"11":{"start":{"line":18,"column":8},"end":{"line":18,"column":26}},"12":{"start":{"line":21,"column":20},"end":{"line":21,"column":60}},"13":{"start":{"line":21,"column":45},"end":{"line":21,"column":59}},"14":{"start":{"line":22,"column":8},"end":{"line":24,"column":9}},"15":{"start":{"line":23,"column":10},"end":{"line":23,"column":31}},"16":{"start":{"line":27,"column":6},"end":{"line":27,"column":29}},"17":{"start":{"line":28,"column":6},"end":{"line":28,"column":20}},"18":{"start":{"line":32,"column":30},"end":{"line":42,"column":8}},"19":{"start":{"line":33,"column":25},"end":{"line":35,"column":25}},"20":{"start":{"line":34,"column":21},"end":{"line":34,"column":46}},"21":{"start":{"line":35,"column":18},"end":{"line":35,"column":24}},"22":{"start":{"line":37,"column":4},"end":{"line":41,"column":7}},"23":{"start":{"line":38,"column":21},"end":{"line":38,"column":34}},"24":{"start":{"line":39,"column":6},"end":{"line":39,"column":55}},"25":{"start":{"line":39,"column":36},"end":{"line":39,"column":53}},"26":{"start":{"line":40,"column":6},"end":{"line":40,"column":20}},"27":{"start":{"line":44,"column":32},"end":{"line":55,"column":8}},"28":{"start":{"line":45,"column":25},"end":{"line":47,"column":25}},"29":{"start":{"line":46,"column":21},"end":{"line":46,"column":65}},"30":{"start":{"line":47,"column":18},"end":{"line":47,"column":24}},"31":{"start":{"line":49,"column":4},"end":{"line":54,"column":7}},"32":{"start":{"line":50,"column":21},"end":{"line":50,"column":34}},"33":{"start":{"line":51,"column":6},"end":{"line":51,"column":58}},"34":{"start":{"line":51,"column":36},"end":{"line":51,"column":56}},"35":{"start":{"line":52,"column":6},"end":{"line":52,"column":29}},"36":{"start":{"line":53,"column":6},"end":{"line":53,"column":20}},"37":{"start":{"line":57,"column":29},"end":{"line":59,"column":8}},"38":{"start":{"line":58,"column":4},"end":{"line":58,"column":43}},"39":{"start":{"line":61,"column":19},"end":{"line":74,"column":8}},"40":{"start":{"line":62,"column":25},"end":{"line":67,"column":6}},"41":{"start":{"line":69,"column":4},"end":{"line":69,"column":40}},"42":{"start":{"line":69,"column":22},"end":{"line":69,"column":38}},"43":{"start":{"line":71,"column":4},"end":{"line":73,"column":17}},"44":{"start":{"line":72,"column":6},"end":{"line":72,"column":61}},"45":{"start":{"line":72,"column":24},"end":{"line":72,"column":59}},"46":{"start":{"line":72,"column":41},"end":{"line":72,"column":58}},"47":{"start":{"line":76,"column":22},"end":{"line":78,"column":8}},"48":{"start":{"line":77,"column":4},"end":{"line":77,"column":53}},"49":{"start":{"line":77,"column":22},"end":{"line":77,"column":51}},"50":{"start":{"line":77,"column":39},"end":{"line":77,"column":50}},"51":{"start":{"line":80,"column":27},"end":{"line":84,"column":20}},"52":{"start":{"line":81,"column":4},"end":{"line":83,"column":54}},"53":{"start":{"line":82,"column":17},"end":{"line":82,"column":58}},"54":{"start":{"line":82,"column":44},"end":{"line":82,"column":57}},"55":{"start":{"line":83,"column":35},"end":{"line":83,"column":52}},"56":{"start":{"line":86,"column":25},"end":{"line":88,"column":22}},"57":{"start":{"line":87,"column":4},"end":{"line":87,"column":73}},"58":{"start":{"line":87,"column":40},"end":{"line":87,"column":71}},"59":{"start":{"line":90,"column":24},"end":{"line":90,"column":41}},"60":{"start":{"line":91,"column":24},"end":{"line":91,"column":41}},"61":{"start":{"line":93,"column":30},"end":{"line":95,"column":8}},"62":{"start":{"line":94,"column":4},"end":{"line":94,"column":31}},"63":{"start":{"line":97,"column":30},"end":{"line":99,"column":8}},"64":{"start":{"line":98,"column":4},"end":{"line":98,"column":32}},"65":{"start":{"line":101,"column":2},"end":{"line":119,"column":4}},"66":{"start":{"line":5,"column":13},"end":{"line":5,"column":31}}},"fnMap":{"0":{"name":"(anonymous_0)","decl":{"start":{"line":5,"column":31},"end":{"line":5,"column":34}},"loc":{"start":{"line":5,"column":36},"end":{"line":120,"column":1}}},"1":{"name":"(anonymous_1)","decl":{"start":{"line":14,"column":32},"end":{"line":14,"column":33}},"loc":{"start":{"line":14,"column":71},"end":{"line":30,"column":3}}},"2":{"name":"(anonymous_2)","decl":{"start":{"line":15,"column":20},"end":{"line":15,"column":24}},"loc":{"start":{"line":15,"column":27},"end":{"line":29,"column":5}}},"3":{"name":"(anonymous_3)","decl":{"start":{"line":21,"column":40},"end":{"line":21,"column":41}},"loc":{"start":{"line":21,"column":45},"end":{"line":21,"column":59}}},"4":{"name":"(anonymous_4)","decl":{"start":{"line":32,"column":42},"end":{"line":32,"column":43}},"loc":{"start":{"line":32,"column":68},"end":{"line":42,"column":3}}},"5":{"name":"(anonymous_5)","decl":{"start":{"line":34,"column":14},"end":{"line":34,"column":17}},"loc":{"start":{"line":34,"column":21},"end":{"line":34,"column":46}}},"6":{"name":"(anonymous_6)","decl":{"start":{"line":35,"column":11},"end":{"line":35,"column":14}},"loc":{"start":{"line":35,"column":18},"end":{"line":35,"column":24}}},"7":{"name":"(anonymous_7)","decl":{"start":{"line":37,"column":20},"end":{"line":37,"column":24}},"loc":{"start":{"line":37,"column":27},"end":{"line":41,"column":5}}},"8":{"name":"(anonymous_8)","decl":{"start":{"line":39,"column":27},"end":{"line":39,"column":32}},"loc":{"start":{"line":39,"column":36},"end":{"line":39,"column":53}}},"9":{"name":"(anonymous_9)","decl":{"start":{"line":44,"column":44},"end":{"line":44,"column":45}},"loc":{"start":{"line":44,"column":70},"end":{"line":55,"column":3}}},"10":{"name":"(anonymous_10)","decl":{"start":{"line":46,"column":14},"end":{"line":46,"column":17}},"loc":{"start":{"line":46,"column":21},"end":{"line":46,"column":65}}},"11":{"name":"(anonymous_11)","decl":{"start":{"line":47,"column":11},"end":{"line":47,"column":14}},"loc":{"start":{"line":47,"column":18},"end":{"line":47,"column":24}}},"12":{"name":"(anonymous_12)","decl":{"start":{"line":49,"column":20},"end":{"line":49,"column":24}},"loc":{"start":{"line":49,"column":27},"end":{"line":54,"column":5}}},"13":{"name":"(anonymous_13)","decl":{"start":{"line":51,"column":27},"end":{"line":51,"column":32}},"loc":{"start":{"line":51,"column":36},"end":{"line":51,"column":56}}},"14":{"name":"(anonymous_14)","decl":{"start":{"line":57,"column":41},"end":{"line":57,"column":44}},"loc":{"start":{"line":57,"column":46},"end":{"line":59,"column":3}}},"15":{"name":"(anonymous_15)","decl":{"start":{"line":61,"column":31},"end":{"line":61,"column":32}},"loc":{"start":{"line":61,"column":101},"end":{"line":74,"column":3}}},"16":{"name":"(anonymous_16)","decl":{"start":{"line":69,"column":14},"end":{"line":69,"column":18}},"loc":{"start":{"line":69,"column":22},"end":{"line":69,"column":38}}},"17":{"name":"(anonymous_17)","decl":{"start":{"line":71,"column":15},"end":{"line":71,"column":18}},"loc":{"start":{"line":71,"column":20},"end":{"line":73,"column":5}}},"18":{"name":"(anonymous_18)","decl":{"start":{"line":72,"column":16},"end":{"line":72,"column":20}},"loc":{"start":{"line":72,"column":24},"end":{"line":72,"column":59}}},"19":{"name":"(anonymous_19)","decl":{"start":{"line":72,"column":36},"end":{"line":72,"column":37}},"loc":{"start":{"line":72,"column":41},"end":{"line":72,"column":58}}},"20":{"name":"(anonymous_20)","decl":{"start":{"line":76,"column":34},"end":{"line":76,"column":35}},"loc":{"start":{"line":76,"column":49},"end":{"line":78,"column":3}}},"21":{"name":"(anonymous_21)","decl":{"start":{"line":77,"column":14},"end":{"line":77,"column":18}},"loc":{"start":{"line":77,"column":22},"end":{"line":77,"column":51}}},"22":{"name":"(anonymous_22)","decl":{"start":{"line":77,"column":34},"end":{"line":77,"column":35}},"loc":{"start":{"line":77,"column":39},"end":{"line":77,"column":50}}},"23":{"name":"(anonymous_23)","decl":{"start":{"line":80,"column":35},"end":{"line":80,"column":38}},"loc":{"start":{"line":80,"column":40},"end":{"line":84,"column":3}}},"24":{"name":"(anonymous_24)","decl":{"start":{"line":82,"column":11},"end":{"line":82,"column":13}},"loc":{"start":{"line":82,"column":17},"end":{"line":82,"column":58}}},"25":{"name":"(anonymous_25)","decl":{"start":{"line":82,"column":37},"end":{"line":82,"column":40}},"loc":{"start":{"line":82,"column":44},"end":{"line":82,"column":57}}},"26":{"name":"(anonymous_26)","decl":{"start":{"line":83,"column":14},"end":{"line":83,"column":15}},"loc":{"start":{"line":83,"column":35},"end":{"line":83,"column":52}}},"27":{"name":"(anonymous_27)","decl":{"start":{"line":86,"column":33},"end":{"line":86,"column":36}},"loc":{"start":{"line":86,"column":38},"end":{"line":88,"column":3}}},"28":{"name":"(anonymous_28)","decl":{"start":{"line":87,"column":33},"end":{"line":87,"column":36}},"loc":{"start":{"line":87,"column":40},"end":{"line":87,"column":71}}},"29":{"name":"(anonymous_29)","decl":{"start":{"line":93,"column":42},"end":{"line":93,"column":45}},"loc":{"start":{"line":93,"column":47},"end":{"line":95,"column":3}}},"30":{"name":"(anonymous_30)","decl":{"start":{"line":97,"column":42},"end":{"line":97,"column":45}},"loc":{"start":{"line":97,"column":47},"end":{"line":99,"column":3}}}},"branchMap":{"0":{"loc":{"start":{"line":17,"column":6},"end":{"line":25,"column":7}},"type":"if","locations":[{"start":{"line":17,"column":6},"end":{"line":25,"column":7}},{"start":{"line":19,"column":13},"end":{"line":25,"column":7}}]},"1":{"loc":{"start":{"line":22,"column":8},"end":{"line":24,"column":9}},"type":"if","locations":[{"start":{"line":22,"column":8},"end":{"line":24,"column":9}},{"start":{},"end":{}}]},"2":{"loc":{"start":{"line":22,"column":13},"end":{"line":22,"column":28}},"type":"cond-expr","locations":[{"start":{"line":22,"column":16},"end":{"line":22,"column":18}},{"start":{"line":22,"column":13},"end":{"line":22,"column":28}}]},"3":{"loc":{"start":{"line":22,"column":13},"end":{"line":22,"column":18}},"type":"binary-expr","locations":[{"start":{"line":22,"column":13},"end":{"line":22,"column":18}},{"start":{"line":22,"column":13},"end":{"line":22,"column":18}}]},"4":{"loc":{"start":{"line":46,"column":21},"end":{"line":46,"column":65}},"type":"binary-expr","locations":[{"start":{"line":46,"column":21},"end":{"line":46,"column":46}},{"start":{"line":46,"column":50},"end":{"line":46,"column":65}}]},"5":{"loc":{"start":{"line":61,"column":49},"end":{"line":61,"column":80}},"type":"default-arg","locations":[{"start":{"line":61,"column":71},"end":{"line":61,"column":80}}]},"6":{"loc":{"start":{"line":61,"column":82},"end":{"line":61,"column":97}},"type":"default-arg","locations":[{"start":{"line":61,"column":93},"end":{"line":61,"column":97}}]}},"s":{"0":2,"1":2,"2":2,"3":36,"4":36,"5":36,"6":36,"7":36,"8":13,"9":13,"10":13,"11":9,"12":4,"13":82,"14":4,"15":2,"16":13,"17":13,"18":36,"19":2,"20":58,"21":16,"22":2,"23":2,"24":2,"25":16,"26":2,"27":36,"28":1,"29":29,"30":8,"31":1,"32":1,"33":1,"34":8,"35":1,"36":1,"37":36,"38":2,"39":36,"40":3,"41":3,"42":3,"43":3,"44":1,"45":1,"46":1,"47":36,"48":1,"49":1,"50":1,"51":36,"52":31,"53":54,"54":916,"55":54,"56":36,"57":16,"58":464,"59":36,"60":36,"61":36,"62":0,"63":36,"64":0,"65":36,"66":2},"f":{"0":36,"1":13,"2":13,"3":82,"4":2,"5":58,"6":16,"7":2,"8":16,"9":1,"10":29,"11":8,"12":1,"13":8,"14":2,"15":3,"16":3,"17":1,"18":1,"19":1,"20":1,"21":1,"22":1,"23":31,"24":54,"25":916,"26":54,"27":16,"28":464,"29":0,"30":0},"b":{"0":[9,4],"1":[2,2],"2":[1,3],"3":[4,4],"4":[29,8],"5":[1],"6":[2]}}
,"/Users/josemi/Projects/macos_setup_2/src/services/ScriptGenerator.ts": {"path":"/Users/josemi/Projects/macos_setup_2/src/services/ScriptGenerator.ts","statementMap":{"0":{"start":{"line":5,"column":4},"end":{"line":18,"column":5}},"1":{"start":{"line":7,"column":8},"end":{"line":7,"column":45}},"2":{"start":{"line":9,"column":8},"end":{"line":9,"column":52}},"3":{"start":{"line":11,"column":8},"end":{"line":11,"column":27}},"4":{"start":{"line":13,"column":8},"end":{"line":13,"column":27}},"5":{"start":{"line":15,"column":8},"end":{"line":15,"column":44}},"6":{"start":{"line":17,"column":8},"end":{"line":17,"column":27}},"7":{"start":{"line":22,"column":17},"end":{"line":22,"column":55}},"8":{"start":{"line":24,"column":4},"end":{"line":35,"column":2}},"9":{"start":{"line":39,"column":4},"end":{"line":62,"column":2}},"10":{"start":{"line":66,"column":4},"end":{"line":82,"column":2}},"11":{"start":{"line":86,"column":4},"end":{"line":98,"column":2}},"12":{"start":{"line":102,"column":4},"end":{"line":112,"column":2}},"13":{"start":{"line":116,"column":4},"end":{"line":116,"column":37}},"14":{"start":{"line":116,"column":27},"end":{"line":116,"column":37}},"15":{"start":{"line":118,"column":21},"end":{"line":118,"column":59}},"16":{"start":{"line":118,"column":37},"end":{"line":118,"column":48}},"17":{"start":{"line":120,"column":4},"end":{"line":125,"column":2}},"18":{"start":{"line":129,"column":4},"end":{"line":129,"column":37}},"19":{"start":{"line":129,"column":27},"end":{"line":129,"column":37}},"20":{"start":{"line":131,"column":17},"end":{"line":133,"column":44}},"21":{"start":{"line":135,"column":4},"end":{"line":139,"column":7}},"22":{"start":{"line":136,"column":6},"end":{"line":138,"column":43}},"23":{"start":{"line":141,"column":4},"end":{"line":143,"column":2}},"24":{"start":{"line":145,"column":4},"end":{"line":145,"column":18}},"25":{"start":{"line":149,"column":20},"end":{"line":149,"column":72}},"26":{"start":{"line":149,"column":36},"end":{"line":149,"column":60}},"27":{"start":{"line":151,"column":29},"end":{"line":154,"column":17}},"28":{"start":{"line":152,"column":21},"end":{"line":152,"column":41}},"29":{"start":{"line":153,"column":18},"end":{"line":153,"column":66}},"30":{"start":{"line":156,"column":4},"end":{"line":165,"column":2}},"31":{"start":{"line":176,"column":17},"end":{"line":176,"column":45}},"32":{"start":{"line":178,"column":4},"end":{"line":180,"column":5}},"33":{"start":{"line":179,"column":6},"end":{"line":179,"column":49}},"34":{"start":{"line":183,"column":21},"end":{"line":183,"column":68}},"35":{"start":{"line":183,"column":46},"end":{"line":183,"column":67}},"36":{"start":{"line":184,"column":18},"end":{"line":184,"column":68}},"37":{"start":{"line":184,"column":43},"end":{"line":184,"column":67}},"38":{"start":{"line":185,"column":20},"end":{"line":185,"column":68}},"39":{"start":{"line":185,"column":45},"end":{"line":185,"column":67}},"40":{"start":{"line":187,"column":21},"end":{"line":188,"column":null}},"41":{"start":{"line":188,"column":6},"end":{"line":188,"column":57}},"42":{"start":{"line":191,"column":21},"end":{"line":192,"column":null}},"43":{"start":{"line":192,"column":6},"end":{"line":192,"column":37}},"44":{"start":{"line":196,"column":4},"end":{"line":198,"column":5}},"45":{"start":{"line":197,"column":6},"end":{"line":197,"column":52}},"46":{"start":{"line":201,"column":4},"end":{"line":203,"column":5}},"47":{"start":{"line":202,"column":6},"end":{"line":202,"column":49}},"48":{"start":{"line":206,"column":4},"end":{"line":208,"column":5}},"49":{"start":{"line":207,"column":6},"end":{"line":207,"column":64}},"50":{"start":{"line":211,"column":4},"end":{"line":213,"column":5}},"51":{"start":{"line":212,"column":6},"end":{"line":212,"column":56}},"52":{"start":{"line":216,"column":4},"end":{"line":218,"column":5}},"53":{"start":{"line":217,"column":6},"end":{"line":217,"column":51}},"54":{"start":{"line":221,"column":4},"end":{"line":221,"column":48}},"55":{"start":{"line":223,"column":4},"end":{"line":223,"column":18}},"56":{"start":{"line":227,"column":17},"end":{"line":227,"column":60}},"57":{"start":{"line":228,"column":16},"end":{"line":228,"column":48}},"58":{"start":{"line":229,"column":14},"end":{"line":229,"column":41}},"59":{"start":{"line":230,"column":4},"end":{"line":230,"column":29}},"60":{"start":{"line":231,"column":4},"end":{"line":231,"column":17}},"61":{"start":{"line":232,"column":4},"end":{"line":232,"column":26}},"62":{"start":{"line":233,"column":4},"end":{"line":233,"column":33}},"63":{"start":{"line":234,"column":4},"end":{"line":234,"column":14}},"64":{"start":{"line":235,"column":4},"end":{"line":235,"column":36}},"65":{"start":{"line":236,"column":4},"end":{"line":236,"column":33}},"66":{"start":{"line":240,"column":4},"end":{"line":250,"column":5}},"67":{"start":{"line":241,"column":6},"end":{"line":241,"column":51}},"68":{"start":{"line":244,"column":23},"end":{"line":244,"column":57}},"69":{"start":{"line":245,"column":6},"end":{"line":245,"column":31}},"70":{"start":{"line":246,"column":6},"end":{"line":246,"column":42}},"71":{"start":{"line":247,"column":6},"end":{"line":247,"column":24}},"72":{"start":{"line":248,"column":6},"end":{"line":248,"column":35}},"73":{"start":{"line":249,"column":6},"end":{"line":249,"column":42}},"74":{"start":{"line":3,"column":0},"end":{"line":3,"column":13}}},"fnMap":{"0":{"name":"(anonymous_7)","decl":{"start":{"line":4,"column":10},"end":{"line":4,"column":16}},"loc":{"start":{"line":4,"column":43},"end":{"line":19,"column":3}}},"1":{"name":"(anonymous_8)","decl":{"start":{"line":21,"column":10},"end":{"line":21,"column":16}},"loc":{"start":{"line":21,"column":64},"end":{"line":36,"column":3}}},"2":{"name":"(anonymous_9)","decl":{"start":{"line":38,"column":10},"end":{"line":38,"column":16}},"loc":{"start":{"line":38,"column":42},"end":{"line":63,"column":3}}},"3":{"name":"(anonymous_10)","decl":{"start":{"line":65,"column":10},"end":{"line":65,"column":16}},"loc":{"start":{"line":65,"column":45},"end":{"line":83,"column":3}}},"4":{"name":"(anonymous_11)","decl":{"start":{"line":85,"column":10},"end":{"line":85,"column":16}},"loc":{"start":{"line":85,"column":42},"end":{"line":99,"column":3}}},"5":{"name":"(anonymous_12)","decl":{"start":{"line":101,"column":10},"end":{"line":101,"column":16}},"loc":{"start":{"line":101,"column":44},"end":{"line":113,"column":3}}},"6":{"name":"(anonymous_13)","decl":{"start":{"line":115,"column":10},"end":{"line":115,"column":16}},"loc":{"start":{"line":115,"column":61},"end":{"line":126,"column":3}}},"7":{"name":"(anonymous_14)","decl":{"start":{"line":118,"column":30},"end":{"line":118,"column":33}},"loc":{"start":{"line":118,"column":37},"end":{"line":118,"column":48}}},"8":{"name":"(anonymous_15)","decl":{"start":{"line":128,"column":10},"end":{"line":128,"column":16}},"loc":{"start":{"line":128,"column":53},"end":{"line":146,"column":3}}},"9":{"name":"(anonymous_16)","decl":{"start":{"line":135,"column":17},"end":{"line":135,"column":20}},"loc":{"start":{"line":135,"column":23},"end":{"line":139,"column":5}}},"10":{"name":"(anonymous_17)","decl":{"start":{"line":148,"column":10},"end":{"line":148,"column":16}},"loc":{"start":{"line":148,"column":43},"end":{"line":166,"column":3}}},"11":{"name":"(anonymous_18)","decl":{"start":{"line":149,"column":29},"end":{"line":149,"column":32}},"loc":{"start":{"line":149,"column":36},"end":{"line":149,"column":60}}},"12":{"name":"(anonymous_19)","decl":{"start":{"line":152,"column":14},"end":{"line":152,"column":17}},"loc":{"start":{"line":152,"column":21},"end":{"line":152,"column":41}}},"13":{"name":"(anonymous_20)","decl":{"start":{"line":153,"column":11},"end":{"line":153,"column":14}},"loc":{"start":{"line":153,"column":18},"end":{"line":153,"column":66}}},"14":{"name":"(anonymous_21)","decl":{"start":{"line":168,"column":9},"end":{"line":168,"column":15}},"loc":{"start":{"line":174,"column":5},"end":{"line":224,"column":3}}},"15":{"name":"(anonymous_22)","decl":{"start":{"line":183,"column":39},"end":{"line":183,"column":42}},"loc":{"start":{"line":183,"column":46},"end":{"line":183,"column":67}}},"16":{"name":"(anonymous_23)","decl":{"start":{"line":184,"column":36},"end":{"line":184,"column":39}},"loc":{"start":{"line":184,"column":43},"end":{"line":184,"column":67}}},"17":{"name":"(anonymous_24)","decl":{"start":{"line":185,"column":38},"end":{"line":185,"column":41}},"loc":{"start":{"line":185,"column":45},"end":{"line":185,"column":67}}},"18":{"name":"(anonymous_25)","decl":{"start":{"line":187,"column":41},"end":{"line":187,"column":44}},"loc":{"start":{"line":188,"column":6},"end":{"line":188,"column":57}}},"19":{"name":"(anonymous_26)","decl":{"start":{"line":191,"column":41},"end":{"line":191,"column":44}},"loc":{"start":{"line":192,"column":6},"end":{"line":192,"column":37}}},"20":{"name":"(anonymous_27)","decl":{"start":{"line":226,"column":9},"end":{"line":226,"column":15}},"loc":{"start":{"line":226,"column":75},"end":{"line":237,"column":3}}},"21":{"name":"(anonymous_28)","decl":{"start":{"line":239,"column":9},"end":{"line":239,"column":15}},"loc":{"start":{"line":239,"column":53},"end":{"line":251,"column":null}}}},"branchMap":{"0":{"loc":{"start":{"line":5,"column":4},"end":{"line":18,"column":5}},"type":"switch","locations":[{"start":{"line":6,"column":6},"end":{"line":7,"column":45}},{"start":{"line":8,"column":6},"end":{"line":9,"column":52}},{"start":{"line":10,"column":6},"end":{"line":11,"column":27}},{"start":{"line":12,"column":6},"end":{"line":13,"column":27}},{"start":{"line":14,"column":6},"end":{"line":15,"column":44}},{"start":{"line":16,"column":6},"end":{"line":17,"column":27}}]},"1":{"loc":{"start":{"line":29,"column":2},"end":{"line":29,"column":57}},"type":"cond-expr","locations":[{"start":{"line":29,"column":25},"end":{"line":29,"column":52}},{"start":{"line":29,"column":55},"end":{"line":29,"column":57}}]},"2":{"loc":{"start":{"line":116,"column":4},"end":{"line":116,"column":37}},"type":"if","locations":[{"start":{"line":116,"column":4},"end":{"line":116,"column":37}},{"start":{},"end":{}}]},"3":{"loc":{"start":{"line":129,"column":4},"end":{"line":129,"column":37}},"type":"if","locations":[{"start":{"line":129,"column":4},"end":{"line":129,"column":37}},{"start":{},"end":{}}]},"4":{"loc":{"start":{"line":163,"column":2},"end":{"line":163,"column":56}},"type":"cond-expr","locations":[{"start":{"line":163,"column":21},"end":{"line":163,"column":51}},{"start":{"line":163,"column":54},"end":{"line":163,"column":56}}]},"5":{"loc":{"start":{"line":170,"column":4},"end":{"line":174,"column":null}},"type":"default-arg","locations":[{"start":{"line":170,"column":39},"end":{"line":174,"column":null}}]},"6":{"loc":{"start":{"line":178,"column":4},"end":{"line":180,"column":5}},"type":"if","locations":[{"start":{"line":178,"column":4},"end":{"line":180,"column":5}},{"start":{},"end":{}}]},"7":{"loc":{"start":{"line":188,"column":6},"end":{"line":188,"column":57}},"type":"binary-expr","locations":[{"start":{"line":188,"column":6},"end":{"line":188,"column":32}},{"start":{"line":188,"column":36},"end":{"line":188,"column":57}}]},"8":{"loc":{"start":{"line":196,"column":4},"end":{"line":198,"column":5}},"type":"if","locations":[{"start":{"line":196,"column":4},"end":{"line":198,"column":5}},{"start":{},"end":{}}]},"9":{"loc":{"start":{"line":201,"column":4},"end":{"line":203,"column":5}},"type":"if","locations":[{"start":{"line":201,"column":4},"end":{"line":203,"column":5}},{"start":{},"end":{}}]},"10":{"loc":{"start":{"line":206,"column":4},"end":{"line":208,"column":5}},"type":"if","locations":[{"start":{"line":206,"column":4},"end":{"line":208,"column":5}},{"start":{},"end":{}}]},"11":{"loc":{"start":{"line":211,"column":4},"end":{"line":213,"column":5}},"type":"if","locations":[{"start":{"line":211,"column":4},"end":{"line":213,"column":5}},{"start":{},"end":{}}]},"12":{"loc":{"start":{"line":216,"column":4},"end":{"line":218,"column":5}},"type":"if","locations":[{"start":{"line":216,"column":4},"end":{"line":218,"column":5}},{"start":{},"end":{}}]},"13":{"loc":{"start":{"line":226,"column":48},"end":{"line":226,"column":75}},"type":"default-arg","locations":[{"start":{"line":226,"column":59},"end":{"line":226,"column":75}}]}},"s":{"0":10,"1":1,"2":6,"3":1,"4":1,"5":1,"6":0,"7":15,"8":15,"9":15,"10":6,"11":2,"12":2,"13":5,"14":0,"15":5,"16":5,"17":5,"18":5,"19":0,"20":5,"21":5,"22":5,"23":5,"24":5,"25":15,"26":22,"27":15,"28":22,"29":2,"30":15,"31":15,"32":15,"33":15,"34":15,"35":13,"36":15,"37":21,"38":15,"39":20,"40":15,"41":22,"42":15,"43":22,"44":15,"45":6,"46":15,"47":2,"48":15,"49":5,"50":15,"51":5,"52":15,"53":2,"54":15,"55":15,"56":2,"57":2,"58":2,"59":2,"60":2,"61":2,"62":2,"63":2,"64":2,"65":2,"66":2,"67":2,"68":1,"69":1,"70":1,"71":1,"72":1,"73":1,"74":2},"f":{"0":10,"1":15,"2":15,"3":6,"4":2,"5":2,"6":5,"7":5,"8":5,"9":5,"10":15,"11":22,"12":22,"13":2,"14":15,"15":13,"16":21,"17":20,"18":22,"19":22,"20":2,"21":2},"b":{"0":[1,6,1,1,1,0],"1":[1,14],"2":[0,5],"3":[0,5],"4":[2,13],"5":[13],"6":[15,0],"7":[22,5],"8":[6,9],"9":[2,13],"10":[5,10],"11":[5,10],"12":[2,13],"13":[1]}}
}
