{"/Users/josemi/Projects/macos_setup_2/src/App.tsx": {"path":"/Users/josemi/Projects/macos_setup_2/src/App.tsx","statementMap":{"0":{"start":{"line":1,"column":0},"end":{"line":1,"column":45}},"1":{"start":{"line":2,"column":0},"end":{"line":2,"column":59}},"2":{"start":{"line":3,"column":0},"end":{"line":3,"column":47}},"3":{"start":{"line":4,"column":0},"end":{"line":4,"column":59}},"4":{"start":{"line":5,"column":0},"end":{"line":5,"column":61}},"5":{"start":{"line":6,"column":0},"end":{"line":6,"column":58}},"6":{"start":{"line":7,"column":0},"end":{"line":7,"column":40}},"7":{"start":{"line":10,"column":23},"end":{"line":10,"column":40}},"8":{"start":{"line":11,"column":20},"end":{"line":11,"column":41}},"9":{"start":{"line":13,"column":2},"end":{"line":53,"column":4}},"10":{"start":{"line":25,"column":31},"end":{"line":25,"column":92}},"11":{"start":{"line":26,"column":33},"end":{"line":26,"column":96}},"12":{"start":{"line":56,"column":0},"end":{"line":56,"column":19}}},"fnMap":{"0":{"name":"App","decl":{"start":{"line":9,"column":9},"end":{"line":9,"column":12}},"loc":{"start":{"line":9,"column":12},"end":{"line":54,"column":1}}},"1":{"name":"(anonymous_1)","decl":{"start":{"line":25,"column":25},"end":{"line":25,"column":28}},"loc":{"start":{"line":25,"column":31},"end":{"line":25,"column":92}}},"2":{"name":"(anonymous_2)","decl":{"start":{"line":26,"column":27},"end":{"line":26,"column":30}},"loc":{"start":{"line":26,"column":33},"end":{"line":26,"column":96}}}},"branchMap":{},"s":{"0":0,"1":0,"2":0,"3":0,"4":0,"5":0,"6":0,"7":0,"8":0,"9":0,"10":0,"11":0,"12":0},"f":{"0":0,"1":0,"2":0},"b":{}}
,"/Users/josemi/Projects/macos_setup_2/src/components/AppGrid.tsx": {"path":"/Users/josemi/Projects/macos_setup_2/src/components/AppGrid.tsx","statementMap":{"0":{"start":{"line":9,"column":16},"end":{"line":105,"column":1}},"1":{"start":{"line":10,"column":22},"end":{"line":14,"column":3}},"2":{"start":{"line":11,"column":4},"end":{"line":13,"column":5}},"3":{"start":{"line":12,"column":6},"end":{"line":12,"column":36}},"4":{"start":{"line":16,"column":30},"end":{"line":33,"column":3}},"5":{"start":{"line":17,"column":25},"end":{"line":17,"column":69}},"6":{"start":{"line":19,"column":4},"end":{"line":32,"column":5}},"7":{"start":{"line":21,"column":8},"end":{"line":21,"column":89}},"8":{"start":{"line":23,"column":8},"end":{"line":23,"column":96}},"9":{"start":{"line":25,"column":8},"end":{"line":25,"column":100}},"10":{"start":{"line":27,"column":8},"end":{"line":27,"column":101}},"11":{"start":{"line":29,"column":8},"end":{"line":29,"column":88}},"12":{"start":{"line":31,"column":8},"end":{"line":31,"column":91}},"13":{"start":{"line":35,"column":2},"end":{"line":104,"column":4}},"14":{"start":{"line":113,"column":23},"end":{"line":162,"column":1}},"15":{"start":{"line":114,"column":29},"end":{"line":114,"column":80}},"16":{"start":{"line":114,"column":48},"end":{"line":114,"column":72}},"17":{"start":{"line":115,"column":26},"end":{"line":115,"column":37}},"18":{"start":{"line":117,"column":2},"end":{"line":124,"column":3}},"19":{"start":{"line":118,"column":4},"end":{"line":123,"column":6}},"20":{"start":{"line":126,"column":2},"end":{"line":161,"column":4}},"21":{"start":{"line":152,"column":10},"end":{"line":153,"column":null}},"22":{"start":{"line":113,"column":13},"end":{"line":113,"column":23}}},"fnMap":{"0":{"name":"(anonymous_0)","decl":{"start":{"line":9,"column":16},"end":{"line":9,"column":17}},"loc":{"start":{"line":9,"column":64},"end":{"line":105,"column":1}}},"1":{"name":"(anonymous_1)","decl":{"start":{"line":10,"column":22},"end":{"line":10,"column":25}},"loc":{"start":{"line":10,"column":27},"end":{"line":14,"column":3}}},"2":{"name":"(anonymous_2)","decl":{"start":{"line":16,"column":30},"end":{"line":16,"column":33}},"loc":{"start":{"line":16,"column":35},"end":{"line":33,"column":3}}},"3":{"name":"(anonymous_3)","decl":{"start":{"line":84,"column":22},"end":{"line":84,"column":25}},"loc":{"start":{"line":84,"column":27},"end":{"line":84,"column":30}}},"4":{"name":"(anonymous_4)","decl":{"start":{"line":113,"column":23},"end":{"line":113,"column":24}},"loc":{"start":{"line":113,"column":77},"end":{"line":162,"column":1}}},"5":{"name":"(anonymous_5)","decl":{"start":{"line":114,"column":41},"end":{"line":114,"column":44}},"loc":{"start":{"line":114,"column":48},"end":{"line":114,"column":72}}},"6":{"name":"(anonymous_6)","decl":{"start":{"line":151,"column":18},"end":{"line":151,"column":19}},"loc":{"start":{"line":152,"column":10},"end":{"line":153,"column":null}}}},"branchMap":{"0":{"loc":{"start":{"line":11,"column":4},"end":{"line":13,"column":5}},"type":"if","locations":[{"start":{"line":11,"column":4},"end":{"line":13,"column":5}},{"start":{},"end":{}}]},"1":{"loc":{"start":{"line":19,"column":4},"end":{"line":32,"column":5}},"type":"switch","locations":[{"start":{"line":20,"column":6},"end":{"line":21,"column":89}},{"start":{"line":22,"column":6},"end":{"line":23,"column":96}},{"start":{"line":24,"column":6},"end":{"line":25,"column":100}},{"start":{"line":26,"column":6},"end":{"line":27,"column":101}},{"start":{"line":28,"column":6},"end":{"line":29,"column":88}},{"start":{"line":30,"column":6},"end":{"line":31,"column":91}}]},"2":{"loc":{"start":{"line":40,"column":10},"end":{"line":42,"column":null}},"type":"cond-expr","locations":[{"start":{"line":41,"column":12},"end":{"line":41,"column":77}},{"start":{"line":42,"column":12},"end":{"line":42,"column":null}}]},"3":{"loc":{"start":{"line":44,"column":10},"end":{"line":48,"column":null}},"type":"cond-expr","locations":[{"start":{"line":45,"column":12},"end":{"line":47,"column":83}},{"start":{"line":48,"column":12},"end":{"line":48,"column":null}}]},"4":{"loc":{"start":{"line":45,"column":12},"end":{"line":47,"column":83}},"type":"cond-expr","locations":[{"start":{"line":46,"column":14},"end":{"line":46,"column":67}},{"start":{"line":47,"column":14},"end":{"line":47,"column":83}}]},"5":{"loc":{"start":{"line":50,"column":10},"end":{"line":50,"column":44}},"type":"cond-expr","locations":[{"start":{"line":50,"column":27},"end":{"line":50,"column":39}},{"start":{"line":50,"column":42},"end":{"line":50,"column":44}}]},"6":{"loc":{"start":{"line":56,"column":10},"end":{"line":56,"column":60}},"type":"cond-expr","locations":[{"start":{"line":56,"column":26},"end":{"line":56,"column":41}},{"start":{"line":56,"column":44},"end":{"line":56,"column":60}}]},"7":{"loc":{"start":{"line":65,"column":11},"end":{"line":68,"column":null}},"type":"binary-expr","locations":[{"start":{"line":65,"column":11},"end":{"line":65,"column":25}},{"start":{"line":66,"column":12},"end":{"line":66,"column":null}}]},"8":{"loc":{"start":{"line":89,"column":14},"end":{"line":93,"column":null}},"type":"cond-expr","locations":[{"start":{"line":90,"column":16},"end":{"line":92,"column":53}},{"start":{"line":93,"column":16},"end":{"line":93,"column":null}}]},"9":{"loc":{"start":{"line":90,"column":16},"end":{"line":92,"column":53}},"type":"cond-expr","locations":[{"start":{"line":91,"column":18},"end":{"line":91,"column":51}},{"start":{"line":92,"column":18},"end":{"line":92,"column":53}}]},"10":{"loc":{"start":{"line":95,"column":14},"end":{"line":95,"column":72}},"type":"cond-expr","locations":[{"start":{"line":95,"column":31},"end":{"line":95,"column":43}},{"start":{"line":95,"column":46},"end":{"line":95,"column":72}}]},"11":{"loc":{"start":{"line":97,"column":13},"end":{"line":98,"column":null}},"type":"binary-expr","locations":[{"start":{"line":97,"column":13},"end":{"line":97,"column":23}},{"start":{"line":98,"column":14},"end":{"line":98,"column":64}}]},"12":{"loc":{"start":{"line":117,"column":2},"end":{"line":124,"column":3}},"type":"if","locations":[{"start":{"line":117,"column":2},"end":{"line":124,"column":3}},{"start":{},"end":{}}]},"13":{"loc":{"start":{"line":139,"column":9},"end":{"line":145,"column":null}},"type":"binary-expr","locations":[{"start":{"line":139,"column":9},"end":{"line":139,"column":31}},{"start":{"line":140,"column":10},"end":{"line":144,"column":null}}]}},"s":{"0":0,"1":0,"2":0,"3":0,"4":0,"5":0,"6":0,"7":0,"8":0,"9":0,"10":0,"11":0,"12":0,"13":0,"14":0,"15":0,"16":0,"17":0,"18":0,"19":0,"20":0,"21":0,"22":0},"f":{"0":0,"1":0,"2":0,"3":0,"4":0,"5":0,"6":0},"b":{"0":[0,0],"1":[0,0,0,0,0,0],"2":[0,0],"3":[0,0],"4":[0,0],"5":[0,0],"6":[0,0],"7":[0,0],"8":[0,0],"9":[0,0],"10":[0,0],"11":[0,0],"12":[0,0],"13":[0,0]}}
,"/Users/josemi/Projects/macos_setup_2/src/components/Header.tsx": {"path":"/Users/josemi/Projects/macos_setup_2/src/components/Header.tsx","statementMap":{"0":{"start":{"line":6,"column":22},"end":{"line":43,"column":1}},"1":{"start":{"line":7,"column":24},"end":{"line":7,"column":41}},"2":{"start":{"line":9,"column":2},"end":{"line":42,"column":4}},"3":{"start":{"line":6,"column":13},"end":{"line":6,"column":22}}},"fnMap":{"0":{"name":"(anonymous_0)","decl":{"start":{"line":6,"column":22},"end":{"line":6,"column":23}},"loc":{"start":{"line":6,"column":76},"end":{"line":43,"column":1}}}},"branchMap":{"0":{"loc":{"start":{"line":6,"column":25},"end":{"line":6,"column":42}},"type":"default-arg","locations":[{"start":{"line":6,"column":41},"end":{"line":6,"column":42}}]},"1":{"loc":{"start":{"line":6,"column":44},"end":{"line":6,"column":57}},"type":"default-arg","locations":[{"start":{"line":6,"column":56},"end":{"line":6,"column":57}}]},"2":{"loc":{"start":{"line":23,"column":9},"end":{"line":29,"column":null}},"type":"binary-expr","locations":[{"start":{"line":23,"column":9},"end":{"line":23,"column":22}},{"start":{"line":24,"column":10},"end":{"line":28,"column":null}}]},"3":{"loc":{"start":{"line":32,"column":9},"end":{"line":38,"column":null}},"type":"binary-expr","locations":[{"start":{"line":32,"column":9},"end":{"line":32,"column":23}},{"start":{"line":32,"column":27},"end":{"line":32,"column":40}},{"start":{"line":33,"column":10},"end":{"line":37,"column":null}}]}},"s":{"0":0,"1":0,"2":0,"3":0},"f":{"0":0},"b":{"0":[0],"1":[0],"2":[0,0],"3":[0,0,0]}}
,"/Users/josemi/Projects/macos_setup_2/src/components/ScriptSection.tsx": {"path":"/Users/josemi/Projects/macos_setup_2/src/components/ScriptSection.tsx","statementMap":{"0":{"start":{"line":1,"column":0},"end":{"line":1,"column":33}},"1":{"start":{"line":3,"column":0},"end":{"line":3,"column":62}},"2":{"start":{"line":12,"column":29},"end":{"line":214,"column":1}},"3":{"start":{"line":18,"column":48},"end":{"line":18,"column":68}},"4":{"start":{"line":19,"column":42},"end":{"line":19,"column":57}},"5":{"start":{"line":21,"column":25},"end":{"line":42,"column":4}},"6":{"start":{"line":21,"column":36},"end":{"line":42,"column":4}},"7":{"start":{"line":22,"column":4},"end":{"line":25,"column":5}},"8":{"start":{"line":23,"column":6},"end":{"line":23,"column":79}},"9":{"start":{"line":24,"column":6},"end":{"line":24,"column":13}},"10":{"start":{"line":27,"column":4},"end":{"line":27,"column":26}},"11":{"start":{"line":30,"column":4},"end":{"line":41,"column":13}},"12":{"start":{"line":31,"column":21},"end":{"line":31,"column":59}},"13":{"start":{"line":32,"column":6},"end":{"line":32,"column":33}},"14":{"start":{"line":33,"column":6},"end":{"line":33,"column":29}},"15":{"start":{"line":34,"column":6},"end":{"line":34,"column":51}},"16":{"start":{"line":37,"column":6},"end":{"line":40,"column":9}},"17":{"start":{"line":44,"column":25},"end":{"line":52,"column":3}},"18":{"start":{"line":45,"column":4},"end":{"line":48,"column":5}},"19":{"start":{"line":46,"column":6},"end":{"line":46,"column":55}},"20":{"start":{"line":47,"column":6},"end":{"line":47,"column":13}},"21":{"start":{"line":50,"column":4},"end":{"line":50,"column":52}},"22":{"start":{"line":51,"column":4},"end":{"line":51,"column":57}},"23":{"start":{"line":54,"column":21},"end":{"line":66,"column":4}},"24":{"start":{"line":54,"column":32},"end":{"line":66,"column":4}},"25":{"start":{"line":55,"column":4},"end":{"line":58,"column":5}},"26":{"start":{"line":56,"column":6},"end":{"line":56,"column":55}},"27":{"start":{"line":57,"column":6},"end":{"line":57,"column":13}},"28":{"start":{"line":60,"column":4},"end":{"line":65,"column":5}},"29":{"start":{"line":61,"column":6},"end":{"line":61,"column":61}},"30":{"start":{"line":62,"column":6},"end":{"line":62,"column":52}},"31":{"start":{"line":64,"column":6},"end":{"line":64,"column":56}},"32":{"start":{"line":68,"column":27},"end":{"line":76,"column":3}},"33":{"start":{"line":69,"column":4},"end":{"line":75,"column":5}},"34":{"start":{"line":70,"column":6},"end":{"line":70,"column":88}},"35":{"start":{"line":71,"column":11},"end":{"line":75,"column":5}},"36":{"start":{"line":72,"column":6},"end":{"line":72,"column":87}},"37":{"start":{"line":74,"column":6},"end":{"line":74,"column":62}},"38":{"start":{"line":78,"column":25},"end":{"line":82,"column":3}},"39":{"start":{"line":79,"column":4},"end":{"line":79,"column":49}},"40":{"start":{"line":79,"column":25},"end":{"line":79,"column":49}},"41":{"start":{"line":80,"column":4},"end":{"line":80,"column":46}},"42":{"start":{"line":80,"column":23},"end":{"line":80,"column":46}},"43":{"start":{"line":81,"column":4},"end":{"line":81,"column":27}},"44":{"start":{"line":84,"column":2},"end":{"line":213,"column":4}},"45":{"start":{"line":97,"column":14},"end":{"line":97,"column":32}},"46":{"start":{"line":12,"column":13},"end":{"line":12,"column":29}}},"fnMap":{"0":{"name":"(anonymous_7)","decl":{"start":{"line":12,"column":29},"end":{"line":12,"column":30}},"loc":{"start":{"line":17,"column":25},"end":{"line":214,"column":1}}},"1":{"name":"(anonymous_8)","decl":{"start":{"line":21,"column":25},"end":{"line":21,"column":34}},"loc":{"start":{"line":21,"column":36},"end":{"line":42,"column":4}}},"2":{"name":"(anonymous_9)","decl":{"start":{"line":21,"column":36},"end":{"line":21,"column":null}},"loc":{"start":{"line":21,"column":36},"end":{"line":42,"column":3}}},"3":{"name":"(anonymous_10)","decl":{"start":{"line":30,"column":15},"end":{"line":30,"column":18}},"loc":{"start":{"line":30,"column":20},"end":{"line":41,"column":5}}},"4":{"name":"(anonymous_11)","decl":{"start":{"line":44,"column":25},"end":{"line":44,"column":28}},"loc":{"start":{"line":44,"column":30},"end":{"line":52,"column":3}}},"5":{"name":"(anonymous_12)","decl":{"start":{"line":54,"column":21},"end":{"line":54,"column":30}},"loc":{"start":{"line":54,"column":32},"end":{"line":66,"column":4}}},"6":{"name":"(anonymous_13)","decl":{"start":{"line":54,"column":32},"end":{"line":54,"column":null}},"loc":{"start":{"line":54,"column":32},"end":{"line":66,"column":3}}},"7":{"name":"(anonymous_14)","decl":{"start":{"line":68,"column":27},"end":{"line":68,"column":30}},"loc":{"start":{"line":68,"column":32},"end":{"line":76,"column":3}}},"8":{"name":"(anonymous_15)","decl":{"start":{"line":78,"column":25},"end":{"line":78,"column":28}},"loc":{"start":{"line":78,"column":30},"end":{"line":82,"column":3}}},"9":{"name":"(anonymous_16)","decl":{"start":{"line":96,"column":30},"end":{"line":96,"column":31}},"loc":{"start":{"line":97,"column":14},"end":{"line":97,"column":32}}}},"branchMap":{"0":{"loc":{"start":{"line":22,"column":4},"end":{"line":25,"column":5}},"type":"if","locations":[{"start":{"line":22,"column":4},"end":{"line":25,"column":5}},{"start":{},"end":{}}]},"1":{"loc":{"start":{"line":37,"column":6},"end":{"line":40,"column":8}},"type":"cond-expr","locations":[{"start":{"line":37,"column":47},"end":{"line":37,"column":49}},{"start":{"line":37,"column":47},"end":{"line":40,"column":8}}]},"2":{"loc":{"start":{"line":37,"column":6},"end":{"line":37,"column":49}},"type":"binary-expr","locations":[{"start":{"line":37,"column":6},"end":{"line":37,"column":49}},{"start":{"line":37,"column":47},"end":{"line":37,"column":49}}]},"3":{"loc":{"start":{"line":45,"column":4},"end":{"line":48,"column":5}},"type":"if","locations":[{"start":{"line":45,"column":4},"end":{"line":48,"column":5}},{"start":{},"end":{}}]},"4":{"loc":{"start":{"line":55,"column":4},"end":{"line":58,"column":5}},"type":"if","locations":[{"start":{"line":55,"column":4},"end":{"line":58,"column":5}},{"start":{},"end":{}}]},"5":{"loc":{"start":{"line":69,"column":4},"end":{"line":75,"column":5}},"type":"if","locations":[{"start":{"line":69,"column":4},"end":{"line":75,"column":5}},{"start":{"line":71,"column":11},"end":{"line":75,"column":5}}]},"6":{"loc":{"start":{"line":71,"column":11},"end":{"line":75,"column":5}},"type":"if","locations":[{"start":{"line":71,"column":11},"end":{"line":75,"column":5}},{"start":{"line":73,"column":11},"end":{"line":75,"column":5}}]},"7":{"loc":{"start":{"line":79,"column":4},"end":{"line":79,"column":49}},"type":"if","locations":[{"start":{"line":79,"column":4},"end":{"line":79,"column":49}},{"start":{},"end":{}}]},"8":{"loc":{"start":{"line":80,"column":4},"end":{"line":80,"column":46}},"type":"if","locations":[{"start":{"line":80,"column":4},"end":{"line":80,"column":46}},{"start":{},"end":{}}]},"9":{"loc":{"start":{"line":87,"column":7},"end":{"line":106,"column":null}},"type":"binary-expr","locations":[{"start":{"line":87,"column":7},"end":{"line":87,"column":20}},{"start":{"line":88,"column":8},"end":{"line":105,"column":null}}]},"10":{"loc":{"start":{"line":113,"column":20},"end":{"line":113,"column":50}},"type":"binary-expr","locations":[{"start":{"line":113,"column":20},"end":{"line":113,"column":34}},{"start":{"line":113,"column":38},"end":{"line":113,"column":50}}]},"11":{"loc":{"start":{"line":116,"column":14},"end":{"line":118,"column":null}},"type":"cond-expr","locations":[{"start":{"line":117,"column":16},"end":{"line":117,"column":103}},{"start":{"line":118,"column":16},"end":{"line":118,"column":null}}]},"12":{"loc":{"start":{"line":116,"column":14},"end":{"line":116,"column":44}},"type":"binary-expr","locations":[{"start":{"line":116,"column":14},"end":{"line":116,"column":27}},{"start":{"line":116,"column":31},"end":{"line":116,"column":44}}]},"13":{"loc":{"start":{"line":122,"column":11},"end":{"line":131,"column":null}},"type":"cond-expr","locations":[{"start":{"line":123,"column":12},"end":{"line":124,"column":null}},{"start":{"line":128,"column":12},"end":{"line":129,"column":null}}]},"14":{"loc":{"start":{"line":140,"column":14},"end":{"line":142,"column":null}},"type":"cond-expr","locations":[{"start":{"line":141,"column":16},"end":{"line":141,"column":99}},{"start":{"line":142,"column":16},"end":{"line":142,"column":null}}]},"15":{"loc":{"start":{"line":155,"column":14},"end":{"line":157,"column":null}},"type":"cond-expr","locations":[{"start":{"line":156,"column":16},"end":{"line":156,"column":97}},{"start":{"line":157,"column":16},"end":{"line":157,"column":null}}]},"16":{"loc":{"start":{"line":179,"column":13},"end":{"line":188,"column":null}},"type":"binary-expr","locations":[{"start":{"line":179,"column":13},"end":{"line":179,"column":28}},{"start":{"line":179,"column":32},"end":{"line":188,"column":null}}]},"17":{"loc":{"start":{"line":194,"column":7},"end":{"line":210,"column":null}},"type":"binary-expr","locations":[{"start":{"line":194,"column":7},"end":{"line":194,"column":22}},{"start":{"line":195,"column":8},"end":{"line":209,"column":null}}]}},"s":{"0":0,"1":0,"2":0,"3":0,"4":0,"5":0,"6":0,"7":0,"8":0,"9":0,"10":0,"11":0,"12":0,"13":0,"14":0,"15":0,"16":0,"17":0,"18":0,"19":0,"20":0,"21":0,"22":0,"23":0,"24":0,"25":0,"26":0,"27":0,"28":0,"29":0,"30":0,"31":0,"32":0,"33":0,"34":0,"35":0,"36":0,"37":0,"38":0,"39":0,"40":0,"41":0,"42":0,"43":0,"44":0,"45":0,"46":0},"f":{"0":0,"1":0,"2":0,"3":0,"4":0,"5":0,"6":0,"7":0,"8":0,"9":0},"b":{"0":[0,0],"1":[0,0],"2":[0,0],"3":[0,0],"4":[0,0],"5":[0,0],"6":[0,0],"7":[0,0],"8":[0,0],"9":[0,0],"10":[0,0],"11":[0,0],"12":[0,0],"13":[0,0],"14":[0,0],"15":[0,0],"16":[0,0],"17":[0,0]}}
,"/Users/josemi/Projects/macos_setup_2/src/components/TabNavigation.tsx": {"path":"/Users/josemi/Projects/macos_setup_2/src/components/TabNavigation.tsx","statementMap":{"0":{"start":{"line":2,"column":0},"end":{"line":2,"column":41}},"1":{"start":{"line":13,"column":29},"end":{"line":73,"column":1}},"2":{"start":{"line":21,"column":21},"end":{"line":21,"column":118}},"3":{"start":{"line":23,"column":2},"end":{"line":72,"column":4}},"4":{"start":{"line":36,"column":12},"end":{"line":37,"column":null}},"5":{"start":{"line":38,"column":29},"end":{"line":38,"column":50}},"6":{"start":{"line":13,"column":13},"end":{"line":13,"column":29}}},"fnMap":{"0":{"name":"(anonymous_0)","decl":{"start":{"line":13,"column":29},"end":{"line":13,"column":30}},"loc":{"start":{"line":20,"column":25},"end":{"line":73,"column":1}}},"1":{"name":"(anonymous_1)","decl":{"start":{"line":35,"column":26},"end":{"line":35,"column":27}},"loc":{"start":{"line":36,"column":12},"end":{"line":37,"column":null}}},"2":{"name":"(anonymous_2)","decl":{"start":{"line":38,"column":23},"end":{"line":38,"column":26}},"loc":{"start":{"line":38,"column":29},"end":{"line":38,"column":50}}}},"branchMap":{"0":{"loc":{"start":{"line":42,"column":18},"end":{"line":44,"column":null}},"type":"cond-expr","locations":[{"start":{"line":43,"column":20},"end":{"line":43,"column":57}},{"start":{"line":44,"column":20},"end":{"line":44,"column":null}}]}},"s":{"0":0,"1":0,"2":0,"3":0,"4":0,"5":0,"6":0},"f":{"0":0,"1":0,"2":0},"b":{"0":[0,0]}}
,"/Users/josemi/Projects/macos_setup_2/src/components/ToastContainer.tsx": {"path":"/Users/josemi/Projects/macos_setup_2/src/components/ToastContainer.tsx","statementMap":{"0":{"start":{"line":1,"column":0},"end":{"line":1,"column":34}},"1":{"start":{"line":9,"column":18},"end":{"line":62,"column":1}},"2":{"start":{"line":10,"column":2},"end":{"line":16,"column":43}},"3":{"start":{"line":11,"column":18},"end":{"line":13,"column":30}},"4":{"start":{"line":12,"column":6},"end":{"line":12,"column":25}},"5":{"start":{"line":15,"column":4},"end":{"line":15,"column":37}},"6":{"start":{"line":15,"column":17},"end":{"line":15,"column":36}},"7":{"start":{"line":18,"column":25},"end":{"line":33,"column":3}},"8":{"start":{"line":19,"column":23},"end":{"line":19,"column":118}},"9":{"start":{"line":21,"column":4},"end":{"line":32,"column":5}},"10":{"start":{"line":23,"column":8},"end":{"line":23,"column":75}},"11":{"start":{"line":25,"column":8},"end":{"line":25,"column":69}},"12":{"start":{"line":27,"column":8},"end":{"line":27,"column":78}},"13":{"start":{"line":29,"column":8},"end":{"line":29,"column":72}},"14":{"start":{"line":31,"column":8},"end":{"line":31,"column":72}},"15":{"start":{"line":35,"column":18},"end":{"line":48,"column":3}},"16":{"start":{"line":36,"column":4},"end":{"line":47,"column":5}},"17":{"start":{"line":38,"column":8},"end":{"line":38,"column":33}},"18":{"start":{"line":40,"column":8},"end":{"line":40,"column":39}},"19":{"start":{"line":42,"column":8},"end":{"line":42,"column":41}},"20":{"start":{"line":44,"column":8},"end":{"line":44,"column":32}},"21":{"start":{"line":46,"column":8},"end":{"line":46,"column":25}},"22":{"start":{"line":50,"column":2},"end":{"line":61,"column":4}},"23":{"start":{"line":55,"column":23},"end":{"line":55,"column":41}},"24":{"start":{"line":69,"column":30},"end":{"line":83,"column":1}},"25":{"start":{"line":70,"column":2},"end":{"line":70,"column":39}},"26":{"start":{"line":70,"column":27},"end":{"line":70,"column":39}},"27":{"start":{"line":72,"column":2},"end":{"line":82,"column":4}},"28":{"start":{"line":75,"column":8},"end":{"line":76,"column":null}},"29":{"start":{"line":69,"column":13},"end":{"line":69,"column":30}}},"fnMap":{"0":{"name":"(anonymous_0)","decl":{"start":{"line":9,"column":18},"end":{"line":9,"column":19}},"loc":{"start":{"line":9,"column":58},"end":{"line":62,"column":1}}},"1":{"name":"(anonymous_1)","decl":{"start":{"line":10,"column":12},"end":{"line":10,"column":15}},"loc":{"start":{"line":10,"column":17},"end":{"line":16,"column":3}}},"2":{"name":"(anonymous_2)","decl":{"start":{"line":11,"column":29},"end":{"line":11,"column":32}},"loc":{"start":{"line":11,"column":34},"end":{"line":13,"column":5}}},"3":{"name":"(anonymous_3)","decl":{"start":{"line":15,"column":11},"end":{"line":15,"column":14}},"loc":{"start":{"line":15,"column":17},"end":{"line":15,"column":36}}},"4":{"name":"(anonymous_4)","decl":{"start":{"line":18,"column":25},"end":{"line":18,"column":28}},"loc":{"start":{"line":18,"column":30},"end":{"line":33,"column":3}}},"5":{"name":"(anonymous_5)","decl":{"start":{"line":35,"column":18},"end":{"line":35,"column":21}},"loc":{"start":{"line":35,"column":23},"end":{"line":48,"column":3}}},"6":{"name":"(anonymous_6)","decl":{"start":{"line":55,"column":17},"end":{"line":55,"column":20}},"loc":{"start":{"line":55,"column":23},"end":{"line":55,"column":41}}},"7":{"name":"(anonymous_7)","decl":{"start":{"line":69,"column":30},"end":{"line":69,"column":31}},"loc":{"start":{"line":69,"column":81},"end":{"line":83,"column":1}}},"8":{"name":"(anonymous_8)","decl":{"start":{"line":74,"column":18},"end":{"line":74,"column":19}},"loc":{"start":{"line":75,"column":8},"end":{"line":76,"column":null}}}},"branchMap":{"0":{"loc":{"start":{"line":13,"column":7},"end":{"line":13,"column":29}},"type":"binary-expr","locations":[{"start":{"line":13,"column":7},"end":{"line":13,"column":21}},{"start":{"line":13,"column":25},"end":{"line":13,"column":29}}]},"1":{"loc":{"start":{"line":21,"column":4},"end":{"line":32,"column":5}},"type":"switch","locations":[{"start":{"line":22,"column":6},"end":{"line":23,"column":75}},{"start":{"line":24,"column":6},"end":{"line":25,"column":69}},{"start":{"line":26,"column":6},"end":{"line":27,"column":78}},{"start":{"line":28,"column":6},"end":{"line":29,"column":72}},{"start":{"line":30,"column":6},"end":{"line":31,"column":72}}]},"2":{"loc":{"start":{"line":36,"column":4},"end":{"line":47,"column":5}},"type":"switch","locations":[{"start":{"line":37,"column":6},"end":{"line":38,"column":33}},{"start":{"line":39,"column":6},"end":{"line":40,"column":39}},{"start":{"line":41,"column":6},"end":{"line":42,"column":41}},{"start":{"line":43,"column":6},"end":{"line":44,"column":32}},{"start":{"line":45,"column":6},"end":{"line":46,"column":25}}]},"3":{"loc":{"start":{"line":70,"column":2},"end":{"line":70,"column":39}},"type":"if","locations":[{"start":{"line":70,"column":2},"end":{"line":70,"column":39}},{"start":{},"end":{}}]}},"s":{"0":0,"1":0,"2":0,"3":0,"4":0,"5":0,"6":0,"7":0,"8":0,"9":0,"10":0,"11":0,"12":0,"13":0,"14":0,"15":0,"16":0,"17":0,"18":0,"19":0,"20":0,"21":0,"22":0,"23":0,"24":0,"25":0,"26":0,"27":0,"28":0,"29":0},"f":{"0":0,"1":0,"2":0,"3":0,"4":0,"5":0,"6":0,"7":0,"8":0},"b":{"0":[0,0],"1":[0,0,0,0,0],"2":[0,0,0,0,0],"3":[0,0]}}
,"/Users/josemi/Projects/macos_setup_2/src/data/apps.ts": {"path":"/Users/josemi/Projects/macos_setup_2/src/data/apps.ts","statementMap":{"0":{"start":{"line":3,"column":13},"end":{"line":309,"column":2}}},"fnMap":{},"branchMap":{},"s":{"0":1},"f":{},"b":{}}
,"/Users/josemi/Projects/macos_setup_2/src/hooks/useAppSelection.ts": {"path":"/Users/josemi/Projects/macos_setup_2/src/hooks/useAppSelection.ts","statementMap":{"0":{"start":{"line":1,"column":0},"end":{"line":1,"column":55}},"1":{"start":{"line":3,"column":0},"end":{"line":3,"column":41}},"2":{"start":{"line":5,"column":31},"end":{"line":108,"column":1}},"3":{"start":{"line":6,"column":42},"end":{"line":8,"column":4}},"4":{"start":{"line":10,"column":46},"end":{"line":10,"column":81}},"5":{"start":{"line":11,"column":30},"end":{"line":11,"column":51}},"6":{"start":{"line":13,"column":20},"end":{"line":29,"column":8}},"7":{"start":{"line":14,"column":4},"end":{"line":28,"column":7}},"8":{"start":{"line":15,"column":21},"end":{"line":15,"column":34}},"9":{"start":{"line":16,"column":6},"end":{"line":24,"column":7}},"10":{"start":{"line":17,"column":8},"end":{"line":17,"column":26}},"11":{"start":{"line":20,"column":20},"end":{"line":20,"column":60}},"12":{"start":{"line":20,"column":45},"end":{"line":20,"column":59}},"13":{"start":{"line":21,"column":8},"end":{"line":23,"column":9}},"14":{"start":{"line":22,"column":10},"end":{"line":22,"column":31}},"15":{"start":{"line":26,"column":6},"end":{"line":26,"column":29}},"16":{"start":{"line":27,"column":6},"end":{"line":27,"column":20}},"17":{"start":{"line":31,"column":30},"end":{"line":41,"column":8}},"18":{"start":{"line":32,"column":25},"end":{"line":34,"column":25}},"19":{"start":{"line":33,"column":21},"end":{"line":33,"column":46}},"20":{"start":{"line":34,"column":18},"end":{"line":34,"column":24}},"21":{"start":{"line":36,"column":4},"end":{"line":40,"column":7}},"22":{"start":{"line":37,"column":21},"end":{"line":37,"column":34}},"23":{"start":{"line":38,"column":6},"end":{"line":38,"column":55}},"24":{"start":{"line":38,"column":36},"end":{"line":38,"column":53}},"25":{"start":{"line":39,"column":6},"end":{"line":39,"column":20}},"26":{"start":{"line":43,"column":32},"end":{"line":54,"column":8}},"27":{"start":{"line":44,"column":25},"end":{"line":46,"column":25}},"28":{"start":{"line":45,"column":21},"end":{"line":45,"column":65}},"29":{"start":{"line":46,"column":18},"end":{"line":46,"column":24}},"30":{"start":{"line":48,"column":4},"end":{"line":53,"column":7}},"31":{"start":{"line":49,"column":21},"end":{"line":49,"column":34}},"32":{"start":{"line":50,"column":6},"end":{"line":50,"column":58}},"33":{"start":{"line":50,"column":36},"end":{"line":50,"column":56}},"34":{"start":{"line":51,"column":6},"end":{"line":51,"column":29}},"35":{"start":{"line":52,"column":6},"end":{"line":52,"column":20}},"36":{"start":{"line":56,"column":29},"end":{"line":58,"column":8}},"37":{"start":{"line":57,"column":4},"end":{"line":57,"column":43}},"38":{"start":{"line":60,"column":19},"end":{"line":73,"column":8}},"39":{"start":{"line":61,"column":25},"end":{"line":66,"column":6}},"40":{"start":{"line":68,"column":4},"end":{"line":68,"column":40}},"41":{"start":{"line":68,"column":22},"end":{"line":68,"column":38}},"42":{"start":{"line":70,"column":4},"end":{"line":72,"column":17}},"43":{"start":{"line":71,"column":6},"end":{"line":71,"column":61}},"44":{"start":{"line":71,"column":24},"end":{"line":71,"column":59}},"45":{"start":{"line":71,"column":41},"end":{"line":71,"column":58}},"46":{"start":{"line":75,"column":22},"end":{"line":77,"column":8}},"47":{"start":{"line":76,"column":4},"end":{"line":76,"column":53}},"48":{"start":{"line":76,"column":22},"end":{"line":76,"column":51}},"49":{"start":{"line":76,"column":39},"end":{"line":76,"column":50}},"50":{"start":{"line":79,"column":27},"end":{"line":83,"column":20}},"51":{"start":{"line":80,"column":4},"end":{"line":82,"column":54}},"52":{"start":{"line":81,"column":17},"end":{"line":81,"column":58}},"53":{"start":{"line":81,"column":44},"end":{"line":81,"column":57}},"54":{"start":{"line":82,"column":35},"end":{"line":82,"column":52}},"55":{"start":{"line":85,"column":25},"end":{"line":87,"column":22}},"56":{"start":{"line":86,"column":4},"end":{"line":86,"column":73}},"57":{"start":{"line":86,"column":40},"end":{"line":86,"column":71}},"58":{"start":{"line":89,"column":24},"end":{"line":89,"column":41}},"59":{"start":{"line":90,"column":24},"end":{"line":90,"column":41}},"60":{"start":{"line":92,"column":2},"end":{"line":107,"column":4}},"61":{"start":{"line":5,"column":13},"end":{"line":5,"column":31}}},"fnMap":{"0":{"name":"(anonymous_0)","decl":{"start":{"line":5,"column":31},"end":{"line":5,"column":34}},"loc":{"start":{"line":5,"column":36},"end":{"line":108,"column":1}}},"1":{"name":"(anonymous_1)","decl":{"start":{"line":13,"column":32},"end":{"line":13,"column":33}},"loc":{"start":{"line":13,"column":71},"end":{"line":29,"column":3}}},"2":{"name":"(anonymous_2)","decl":{"start":{"line":14,"column":20},"end":{"line":14,"column":24}},"loc":{"start":{"line":14,"column":27},"end":{"line":28,"column":5}}},"3":{"name":"(anonymous_3)","decl":{"start":{"line":20,"column":40},"end":{"line":20,"column":41}},"loc":{"start":{"line":20,"column":45},"end":{"line":20,"column":59}}},"4":{"name":"(anonymous_4)","decl":{"start":{"line":31,"column":42},"end":{"line":31,"column":43}},"loc":{"start":{"line":31,"column":68},"end":{"line":41,"column":3}}},"5":{"name":"(anonymous_5)","decl":{"start":{"line":33,"column":14},"end":{"line":33,"column":17}},"loc":{"start":{"line":33,"column":21},"end":{"line":33,"column":46}}},"6":{"name":"(anonymous_6)","decl":{"start":{"line":34,"column":11},"end":{"line":34,"column":14}},"loc":{"start":{"line":34,"column":18},"end":{"line":34,"column":24}}},"7":{"name":"(anonymous_7)","decl":{"start":{"line":36,"column":20},"end":{"line":36,"column":24}},"loc":{"start":{"line":36,"column":27},"end":{"line":40,"column":5}}},"8":{"name":"(anonymous_8)","decl":{"start":{"line":38,"column":27},"end":{"line":38,"column":32}},"loc":{"start":{"line":38,"column":36},"end":{"line":38,"column":53}}},"9":{"name":"(anonymous_9)","decl":{"start":{"line":43,"column":44},"end":{"line":43,"column":45}},"loc":{"start":{"line":43,"column":70},"end":{"line":54,"column":3}}},"10":{"name":"(anonymous_10)","decl":{"start":{"line":45,"column":14},"end":{"line":45,"column":17}},"loc":{"start":{"line":45,"column":21},"end":{"line":45,"column":65}}},"11":{"name":"(anonymous_11)","decl":{"start":{"line":46,"column":11},"end":{"line":46,"column":14}},"loc":{"start":{"line":46,"column":18},"end":{"line":46,"column":24}}},"12":{"name":"(anonymous_12)","decl":{"start":{"line":48,"column":20},"end":{"line":48,"column":24}},"loc":{"start":{"line":48,"column":27},"end":{"line":53,"column":5}}},"13":{"name":"(anonymous_13)","decl":{"start":{"line":50,"column":27},"end":{"line":50,"column":32}},"loc":{"start":{"line":50,"column":36},"end":{"line":50,"column":56}}},"14":{"name":"(anonymous_14)","decl":{"start":{"line":56,"column":41},"end":{"line":56,"column":44}},"loc":{"start":{"line":56,"column":46},"end":{"line":58,"column":3}}},"15":{"name":"(anonymous_15)","decl":{"start":{"line":60,"column":31},"end":{"line":60,"column":32}},"loc":{"start":{"line":60,"column":101},"end":{"line":73,"column":3}}},"16":{"name":"(anonymous_16)","decl":{"start":{"line":68,"column":14},"end":{"line":68,"column":18}},"loc":{"start":{"line":68,"column":22},"end":{"line":68,"column":38}}},"17":{"name":"(anonymous_17)","decl":{"start":{"line":70,"column":15},"end":{"line":70,"column":18}},"loc":{"start":{"line":70,"column":20},"end":{"line":72,"column":5}}},"18":{"name":"(anonymous_18)","decl":{"start":{"line":71,"column":16},"end":{"line":71,"column":20}},"loc":{"start":{"line":71,"column":24},"end":{"line":71,"column":59}}},"19":{"name":"(anonymous_19)","decl":{"start":{"line":71,"column":36},"end":{"line":71,"column":37}},"loc":{"start":{"line":71,"column":41},"end":{"line":71,"column":58}}},"20":{"name":"(anonymous_20)","decl":{"start":{"line":75,"column":34},"end":{"line":75,"column":35}},"loc":{"start":{"line":75,"column":49},"end":{"line":77,"column":3}}},"21":{"name":"(anonymous_21)","decl":{"start":{"line":76,"column":14},"end":{"line":76,"column":18}},"loc":{"start":{"line":76,"column":22},"end":{"line":76,"column":51}}},"22":{"name":"(anonymous_22)","decl":{"start":{"line":76,"column":34},"end":{"line":76,"column":35}},"loc":{"start":{"line":76,"column":39},"end":{"line":76,"column":50}}},"23":{"name":"(anonymous_23)","decl":{"start":{"line":79,"column":35},"end":{"line":79,"column":38}},"loc":{"start":{"line":79,"column":40},"end":{"line":83,"column":3}}},"24":{"name":"(anonymous_24)","decl":{"start":{"line":81,"column":11},"end":{"line":81,"column":13}},"loc":{"start":{"line":81,"column":17},"end":{"line":81,"column":58}}},"25":{"name":"(anonymous_25)","decl":{"start":{"line":81,"column":37},"end":{"line":81,"column":40}},"loc":{"start":{"line":81,"column":44},"end":{"line":81,"column":57}}},"26":{"name":"(anonymous_26)","decl":{"start":{"line":82,"column":14},"end":{"line":82,"column":15}},"loc":{"start":{"line":82,"column":35},"end":{"line":82,"column":52}}},"27":{"name":"(anonymous_27)","decl":{"start":{"line":85,"column":33},"end":{"line":85,"column":36}},"loc":{"start":{"line":85,"column":38},"end":{"line":87,"column":3}}},"28":{"name":"(anonymous_28)","decl":{"start":{"line":86,"column":33},"end":{"line":86,"column":36}},"loc":{"start":{"line":86,"column":40},"end":{"line":86,"column":71}}}},"branchMap":{"0":{"loc":{"start":{"line":16,"column":6},"end":{"line":24,"column":7}},"type":"if","locations":[{"start":{"line":16,"column":6},"end":{"line":24,"column":7}},{"start":{"line":18,"column":13},"end":{"line":24,"column":7}}]},"1":{"loc":{"start":{"line":21,"column":8},"end":{"line":23,"column":9}},"type":"if","locations":[{"start":{"line":21,"column":8},"end":{"line":23,"column":9}},{"start":{},"end":{}}]},"2":{"loc":{"start":{"line":21,"column":13},"end":{"line":21,"column":28}},"type":"cond-expr","locations":[{"start":{"line":21,"column":16},"end":{"line":21,"column":18}},{"start":{"line":21,"column":13},"end":{"line":21,"column":28}}]},"3":{"loc":{"start":{"line":21,"column":13},"end":{"line":21,"column":18}},"type":"binary-expr","locations":[{"start":{"line":21,"column":13},"end":{"line":21,"column":18}},{"start":{"line":21,"column":13},"end":{"line":21,"column":18}}]},"4":{"loc":{"start":{"line":45,"column":21},"end":{"line":45,"column":65}},"type":"binary-expr","locations":[{"start":{"line":45,"column":21},"end":{"line":45,"column":46}},{"start":{"line":45,"column":50},"end":{"line":45,"column":65}}]},"5":{"loc":{"start":{"line":60,"column":49},"end":{"line":60,"column":80}},"type":"default-arg","locations":[{"start":{"line":60,"column":71},"end":{"line":60,"column":80}}]},"6":{"loc":{"start":{"line":60,"column":82},"end":{"line":60,"column":97}},"type":"default-arg","locations":[{"start":{"line":60,"column":93},"end":{"line":60,"column":97}}]}},"s":{"0":1,"1":1,"2":1,"3":8,"4":8,"5":8,"6":8,"7":3,"8":3,"9":3,"10":2,"11":1,"12":29,"13":1,"14":1,"15":3,"16":3,"17":8,"18":0,"19":0,"20":0,"21":0,"22":0,"23":0,"24":0,"25":0,"26":8,"27":0,"28":0,"29":0,"30":0,"31":0,"32":0,"33":0,"34":0,"35":0,"36":8,"37":1,"38":8,"39":1,"40":1,"41":1,"42":1,"43":0,"44":0,"45":0,"46":8,"47":0,"48":0,"49":0,"50":8,"51":7,"52":8,"53":211,"54":8,"55":8,"56":4,"57":116,"58":8,"59":8,"60":8,"61":1},"f":{"0":8,"1":3,"2":3,"3":29,"4":0,"5":0,"6":0,"7":0,"8":0,"9":0,"10":0,"11":0,"12":0,"13":0,"14":1,"15":1,"16":1,"17":0,"18":0,"19":0,"20":0,"21":0,"22":0,"23":7,"24":8,"25":211,"26":8,"27":4,"28":116},"b":{"0":[2,1],"1":[1,0],"2":[1,0],"3":[1,1],"4":[0,0],"5":[1],"6":[1]}}
,"/Users/josemi/Projects/macos_setup_2/src/services/ScriptGenerator.ts": {"path":"/Users/josemi/Projects/macos_setup_2/src/services/ScriptGenerator.ts","statementMap":{"0":{"start":{"line":5,"column":4},"end":{"line":18,"column":5}},"1":{"start":{"line":7,"column":8},"end":{"line":7,"column":45}},"2":{"start":{"line":9,"column":8},"end":{"line":9,"column":52}},"3":{"start":{"line":11,"column":8},"end":{"line":11,"column":27}},"4":{"start":{"line":13,"column":8},"end":{"line":13,"column":27}},"5":{"start":{"line":15,"column":8},"end":{"line":15,"column":44}},"6":{"start":{"line":17,"column":8},"end":{"line":17,"column":27}},"7":{"start":{"line":22,"column":17},"end":{"line":22,"column":55}},"8":{"start":{"line":24,"column":4},"end":{"line":35,"column":2}},"9":{"start":{"line":39,"column":4},"end":{"line":62,"column":2}},"10":{"start":{"line":66,"column":4},"end":{"line":82,"column":2}},"11":{"start":{"line":86,"column":4},"end":{"line":98,"column":2}},"12":{"start":{"line":102,"column":4},"end":{"line":112,"column":2}},"13":{"start":{"line":116,"column":4},"end":{"line":116,"column":37}},"14":{"start":{"line":116,"column":27},"end":{"line":116,"column":37}},"15":{"start":{"line":118,"column":21},"end":{"line":118,"column":59}},"16":{"start":{"line":118,"column":37},"end":{"line":118,"column":48}},"17":{"start":{"line":120,"column":4},"end":{"line":125,"column":2}},"18":{"start":{"line":129,"column":4},"end":{"line":129,"column":37}},"19":{"start":{"line":129,"column":27},"end":{"line":129,"column":37}},"20":{"start":{"line":131,"column":17},"end":{"line":133,"column":44}},"21":{"start":{"line":135,"column":4},"end":{"line":139,"column":7}},"22":{"start":{"line":136,"column":6},"end":{"line":138,"column":43}},"23":{"start":{"line":141,"column":4},"end":{"line":143,"column":2}},"24":{"start":{"line":145,"column":4},"end":{"line":145,"column":18}},"25":{"start":{"line":149,"column":20},"end":{"line":149,"column":72}},"26":{"start":{"line":149,"column":36},"end":{"line":149,"column":60}},"27":{"start":{"line":151,"column":29},"end":{"line":154,"column":17}},"28":{"start":{"line":152,"column":21},"end":{"line":152,"column":41}},"29":{"start":{"line":153,"column":18},"end":{"line":153,"column":66}},"30":{"start":{"line":156,"column":4},"end":{"line":165,"column":2}},"31":{"start":{"line":176,"column":17},"end":{"line":176,"column":45}},"32":{"start":{"line":178,"column":4},"end":{"line":180,"column":5}},"33":{"start":{"line":179,"column":6},"end":{"line":179,"column":49}},"34":{"start":{"line":183,"column":21},"end":{"line":183,"column":68}},"35":{"start":{"line":183,"column":46},"end":{"line":183,"column":67}},"36":{"start":{"line":184,"column":18},"end":{"line":184,"column":68}},"37":{"start":{"line":184,"column":43},"end":{"line":184,"column":67}},"38":{"start":{"line":185,"column":20},"end":{"line":185,"column":68}},"39":{"start":{"line":185,"column":45},"end":{"line":185,"column":67}},"40":{"start":{"line":187,"column":21},"end":{"line":188,"column":null}},"41":{"start":{"line":188,"column":6},"end":{"line":188,"column":57}},"42":{"start":{"line":191,"column":21},"end":{"line":192,"column":null}},"43":{"start":{"line":192,"column":6},"end":{"line":192,"column":37}},"44":{"start":{"line":196,"column":4},"end":{"line":198,"column":5}},"45":{"start":{"line":197,"column":6},"end":{"line":197,"column":52}},"46":{"start":{"line":201,"column":4},"end":{"line":203,"column":5}},"47":{"start":{"line":202,"column":6},"end":{"line":202,"column":49}},"48":{"start":{"line":206,"column":4},"end":{"line":208,"column":5}},"49":{"start":{"line":207,"column":6},"end":{"line":207,"column":64}},"50":{"start":{"line":211,"column":4},"end":{"line":213,"column":5}},"51":{"start":{"line":212,"column":6},"end":{"line":212,"column":56}},"52":{"start":{"line":216,"column":4},"end":{"line":218,"column":5}},"53":{"start":{"line":217,"column":6},"end":{"line":217,"column":51}},"54":{"start":{"line":221,"column":4},"end":{"line":221,"column":48}},"55":{"start":{"line":223,"column":4},"end":{"line":223,"column":18}},"56":{"start":{"line":227,"column":17},"end":{"line":227,"column":60}},"57":{"start":{"line":228,"column":16},"end":{"line":228,"column":48}},"58":{"start":{"line":229,"column":14},"end":{"line":229,"column":41}},"59":{"start":{"line":230,"column":4},"end":{"line":230,"column":29}},"60":{"start":{"line":231,"column":4},"end":{"line":231,"column":17}},"61":{"start":{"line":232,"column":4},"end":{"line":232,"column":26}},"62":{"start":{"line":233,"column":4},"end":{"line":233,"column":33}},"63":{"start":{"line":234,"column":4},"end":{"line":234,"column":14}},"64":{"start":{"line":235,"column":4},"end":{"line":235,"column":36}},"65":{"start":{"line":236,"column":4},"end":{"line":236,"column":33}},"66":{"start":{"line":240,"column":4},"end":{"line":250,"column":5}},"67":{"start":{"line":241,"column":6},"end":{"line":241,"column":51}},"68":{"start":{"line":244,"column":23},"end":{"line":244,"column":57}},"69":{"start":{"line":245,"column":6},"end":{"line":245,"column":31}},"70":{"start":{"line":246,"column":6},"end":{"line":246,"column":42}},"71":{"start":{"line":247,"column":6},"end":{"line":247,"column":24}},"72":{"start":{"line":248,"column":6},"end":{"line":248,"column":35}},"73":{"start":{"line":249,"column":6},"end":{"line":249,"column":42}},"74":{"start":{"line":3,"column":0},"end":{"line":3,"column":13}}},"fnMap":{"0":{"name":"(anonymous_7)","decl":{"start":{"line":4,"column":10},"end":{"line":4,"column":16}},"loc":{"start":{"line":4,"column":43},"end":{"line":19,"column":3}}},"1":{"name":"(anonymous_8)","decl":{"start":{"line":21,"column":10},"end":{"line":21,"column":16}},"loc":{"start":{"line":21,"column":64},"end":{"line":36,"column":3}}},"2":{"name":"(anonymous_9)","decl":{"start":{"line":38,"column":10},"end":{"line":38,"column":16}},"loc":{"start":{"line":38,"column":42},"end":{"line":63,"column":3}}},"3":{"name":"(anonymous_10)","decl":{"start":{"line":65,"column":10},"end":{"line":65,"column":16}},"loc":{"start":{"line":65,"column":45},"end":{"line":83,"column":3}}},"4":{"name":"(anonymous_11)","decl":{"start":{"line":85,"column":10},"end":{"line":85,"column":16}},"loc":{"start":{"line":85,"column":42},"end":{"line":99,"column":3}}},"5":{"name":"(anonymous_12)","decl":{"start":{"line":101,"column":10},"end":{"line":101,"column":16}},"loc":{"start":{"line":101,"column":44},"end":{"line":113,"column":3}}},"6":{"name":"(anonymous_13)","decl":{"start":{"line":115,"column":10},"end":{"line":115,"column":16}},"loc":{"start":{"line":115,"column":61},"end":{"line":126,"column":3}}},"7":{"name":"(anonymous_14)","decl":{"start":{"line":118,"column":30},"end":{"line":118,"column":33}},"loc":{"start":{"line":118,"column":37},"end":{"line":118,"column":48}}},"8":{"name":"(anonymous_15)","decl":{"start":{"line":128,"column":10},"end":{"line":128,"column":16}},"loc":{"start":{"line":128,"column":53},"end":{"line":146,"column":3}}},"9":{"name":"(anonymous_16)","decl":{"start":{"line":135,"column":17},"end":{"line":135,"column":20}},"loc":{"start":{"line":135,"column":23},"end":{"line":139,"column":5}}},"10":{"name":"(anonymous_17)","decl":{"start":{"line":148,"column":10},"end":{"line":148,"column":16}},"loc":{"start":{"line":148,"column":43},"end":{"line":166,"column":3}}},"11":{"name":"(anonymous_18)","decl":{"start":{"line":149,"column":29},"end":{"line":149,"column":32}},"loc":{"start":{"line":149,"column":36},"end":{"line":149,"column":60}}},"12":{"name":"(anonymous_19)","decl":{"start":{"line":152,"column":14},"end":{"line":152,"column":17}},"loc":{"start":{"line":152,"column":21},"end":{"line":152,"column":41}}},"13":{"name":"(anonymous_20)","decl":{"start":{"line":153,"column":11},"end":{"line":153,"column":14}},"loc":{"start":{"line":153,"column":18},"end":{"line":153,"column":66}}},"14":{"name":"(anonymous_21)","decl":{"start":{"line":168,"column":9},"end":{"line":168,"column":15}},"loc":{"start":{"line":174,"column":5},"end":{"line":224,"column":3}}},"15":{"name":"(anonymous_22)","decl":{"start":{"line":183,"column":39},"end":{"line":183,"column":42}},"loc":{"start":{"line":183,"column":46},"end":{"line":183,"column":67}}},"16":{"name":"(anonymous_23)","decl":{"start":{"line":184,"column":36},"end":{"line":184,"column":39}},"loc":{"start":{"line":184,"column":43},"end":{"line":184,"column":67}}},"17":{"name":"(anonymous_24)","decl":{"start":{"line":185,"column":38},"end":{"line":185,"column":41}},"loc":{"start":{"line":185,"column":45},"end":{"line":185,"column":67}}},"18":{"name":"(anonymous_25)","decl":{"start":{"line":187,"column":41},"end":{"line":187,"column":44}},"loc":{"start":{"line":188,"column":6},"end":{"line":188,"column":57}}},"19":{"name":"(anonymous_26)","decl":{"start":{"line":191,"column":41},"end":{"line":191,"column":44}},"loc":{"start":{"line":192,"column":6},"end":{"line":192,"column":37}}},"20":{"name":"(anonymous_27)","decl":{"start":{"line":226,"column":9},"end":{"line":226,"column":15}},"loc":{"start":{"line":226,"column":75},"end":{"line":237,"column":3}}},"21":{"name":"(anonymous_28)","decl":{"start":{"line":239,"column":9},"end":{"line":239,"column":15}},"loc":{"start":{"line":239,"column":53},"end":{"line":251,"column":null}}}},"branchMap":{"0":{"loc":{"start":{"line":5,"column":4},"end":{"line":18,"column":5}},"type":"switch","locations":[{"start":{"line":6,"column":6},"end":{"line":7,"column":45}},{"start":{"line":8,"column":6},"end":{"line":9,"column":52}},{"start":{"line":10,"column":6},"end":{"line":11,"column":27}},{"start":{"line":12,"column":6},"end":{"line":13,"column":27}},{"start":{"line":14,"column":6},"end":{"line":15,"column":44}},{"start":{"line":16,"column":6},"end":{"line":17,"column":27}}]},"1":{"loc":{"start":{"line":29,"column":2},"end":{"line":29,"column":57}},"type":"cond-expr","locations":[{"start":{"line":29,"column":25},"end":{"line":29,"column":52}},{"start":{"line":29,"column":55},"end":{"line":29,"column":57}}]},"2":{"loc":{"start":{"line":116,"column":4},"end":{"line":116,"column":37}},"type":"if","locations":[{"start":{"line":116,"column":4},"end":{"line":116,"column":37}},{"start":{},"end":{}}]},"3":{"loc":{"start":{"line":129,"column":4},"end":{"line":129,"column":37}},"type":"if","locations":[{"start":{"line":129,"column":4},"end":{"line":129,"column":37}},{"start":{},"end":{}}]},"4":{"loc":{"start":{"line":163,"column":2},"end":{"line":163,"column":56}},"type":"cond-expr","locations":[{"start":{"line":163,"column":21},"end":{"line":163,"column":51}},{"start":{"line":163,"column":54},"end":{"line":163,"column":56}}]},"5":{"loc":{"start":{"line":170,"column":4},"end":{"line":174,"column":null}},"type":"default-arg","locations":[{"start":{"line":170,"column":39},"end":{"line":174,"column":null}}]},"6":{"loc":{"start":{"line":178,"column":4},"end":{"line":180,"column":5}},"type":"if","locations":[{"start":{"line":178,"column":4},"end":{"line":180,"column":5}},{"start":{},"end":{}}]},"7":{"loc":{"start":{"line":188,"column":6},"end":{"line":188,"column":57}},"type":"binary-expr","locations":[{"start":{"line":188,"column":6},"end":{"line":188,"column":32}},{"start":{"line":188,"column":36},"end":{"line":188,"column":57}}]},"8":{"loc":{"start":{"line":196,"column":4},"end":{"line":198,"column":5}},"type":"if","locations":[{"start":{"line":196,"column":4},"end":{"line":198,"column":5}},{"start":{},"end":{}}]},"9":{"loc":{"start":{"line":201,"column":4},"end":{"line":203,"column":5}},"type":"if","locations":[{"start":{"line":201,"column":4},"end":{"line":203,"column":5}},{"start":{},"end":{}}]},"10":{"loc":{"start":{"line":206,"column":4},"end":{"line":208,"column":5}},"type":"if","locations":[{"start":{"line":206,"column":4},"end":{"line":208,"column":5}},{"start":{},"end":{}}]},"11":{"loc":{"start":{"line":211,"column":4},"end":{"line":213,"column":5}},"type":"if","locations":[{"start":{"line":211,"column":4},"end":{"line":213,"column":5}},{"start":{},"end":{}}]},"12":{"loc":{"start":{"line":216,"column":4},"end":{"line":218,"column":5}},"type":"if","locations":[{"start":{"line":216,"column":4},"end":{"line":218,"column":5}},{"start":{},"end":{}}]},"13":{"loc":{"start":{"line":226,"column":48},"end":{"line":226,"column":75}},"type":"default-arg","locations":[{"start":{"line":226,"column":59},"end":{"line":226,"column":75}}]}},"s":{"0":0,"1":0,"2":0,"3":0,"4":0,"5":0,"6":0,"7":3,"8":3,"9":3,"10":0,"11":0,"12":0,"13":2,"14":0,"15":2,"16":2,"17":2,"18":0,"19":0,"20":0,"21":0,"22":0,"23":0,"24":0,"25":3,"26":2,"27":3,"28":2,"29":0,"30":3,"31":3,"32":3,"33":3,"34":3,"35":2,"36":3,"37":2,"38":3,"39":2,"40":3,"41":2,"42":3,"43":2,"44":3,"45":0,"46":3,"47":0,"48":3,"49":2,"50":3,"51":0,"52":3,"53":0,"54":3,"55":3,"56":0,"57":0,"58":0,"59":0,"60":0,"61":0,"62":0,"63":0,"64":0,"65":0,"66":0,"67":0,"68":0,"69":0,"70":0,"71":0,"72":0,"73":0,"74":1},"f":{"0":0,"1":3,"2":3,"3":0,"4":0,"5":0,"6":2,"7":2,"8":0,"9":0,"10":3,"11":2,"12":2,"13":0,"14":3,"15":2,"16":2,"17":2,"18":2,"19":2,"20":0,"21":0},"b":{"0":[0,0,0,0,0,0],"1":[0,3],"2":[0,2],"3":[0,0],"4":[0,3],"5":[3],"6":[3,0],"7":[2,2],"8":[0,3],"9":[0,3],"10":[2,1],"11":[0,3],"12":[0,3],"13":[0]}}
}
