TN:
SF:src/App.tsx
FN:9,App
FN:25,(anonymous_1)
FN:26,(anonymous_2)
FNF:3
FNH:0
FNDA:0,App
FNDA:0,(anonymous_1)
FNDA:0,(anonymous_2)
DA:1,0
DA:2,0
DA:3,0
DA:4,0
DA:5,0
DA:6,0
DA:7,0
DA:10,0
DA:11,0
DA:13,0
DA:25,0
DA:26,0
DA:56,0
LF:13
LH:0
BRF:0
BRH:0
end_of_record
TN:
SF:src/components/AppGrid.tsx
FN:9,(anonymous_0)
FN:10,(anonymous_1)
FN:16,(anonymous_2)
FN:84,(anonymous_3)
FN:113,(anonymous_4)
FN:114,(anonymous_5)
FN:151,(anonymous_6)
FNF:7
FNH:0
FNDA:0,(anonymous_0)
FNDA:0,(anonymous_1)
FNDA:0,(anonymous_2)
FNDA:0,(anonymous_3)
FNDA:0,(anonymous_4)
FNDA:0,(anonymous_5)
FNDA:0,(anonymous_6)
DA:9,0
DA:10,0
DA:11,0
DA:12,0
DA:16,0
DA:17,0
DA:19,0
DA:21,0
DA:23,0
DA:25,0
DA:27,0
DA:29,0
DA:31,0
DA:35,0
DA:113,0
DA:114,0
DA:115,0
DA:117,0
DA:118,0
DA:126,0
DA:152,0
LF:21
LH:0
BRDA:11,0,0,0
BRDA:11,0,1,0
BRDA:19,1,0,0
BRDA:19,1,1,0
BRDA:19,1,2,0
BRDA:19,1,3,0
BRDA:19,1,4,0
BRDA:19,1,5,0
BRDA:40,2,0,0
BRDA:40,2,1,0
BRDA:44,3,0,0
BRDA:44,3,1,0
BRDA:45,4,0,0
BRDA:45,4,1,0
BRDA:50,5,0,0
BRDA:50,5,1,0
BRDA:56,6,0,0
BRDA:56,6,1,0
BRDA:65,7,0,0
BRDA:65,7,1,0
BRDA:89,8,0,0
BRDA:89,8,1,0
BRDA:90,9,0,0
BRDA:90,9,1,0
BRDA:95,10,0,0
BRDA:95,10,1,0
BRDA:97,11,0,0
BRDA:97,11,1,0
BRDA:117,12,0,0
BRDA:117,12,1,0
BRDA:139,13,0,0
BRDA:139,13,1,0
BRF:32
BRH:0
end_of_record
TN:
SF:src/components/Header.tsx
FN:6,(anonymous_0)
FNF:1
FNH:1
FNDA:6,(anonymous_0)
DA:6,1
DA:7,6
DA:9,6
LF:3
LH:3
BRDA:6,0,0,0
BRDA:6,1,0,0
BRDA:23,2,0,6
BRDA:23,2,1,2
BRDA:32,3,0,6
BRDA:32,3,1,4
BRDA:32,3,2,4
BRF:7
BRH:5
end_of_record
TN:
SF:src/components/ScriptSection.tsx
FN:12,(anonymous_7)
FN:21,(anonymous_8)
FN:21,(anonymous_9)
FN:30,(anonymous_10)
FN:44,(anonymous_11)
FN:54,(anonymous_12)
FN:54,(anonymous_13)
FN:68,(anonymous_14)
FN:78,(anonymous_15)
FN:96,(anonymous_16)
FNF:10
FNH:0
FNDA:0,(anonymous_7)
FNDA:0,(anonymous_8)
FNDA:0,(anonymous_9)
FNDA:0,(anonymous_10)
FNDA:0,(anonymous_11)
FNDA:0,(anonymous_12)
FNDA:0,(anonymous_13)
FNDA:0,(anonymous_14)
FNDA:0,(anonymous_15)
FNDA:0,(anonymous_16)
DA:1,0
DA:3,0
DA:12,0
DA:18,0
DA:19,0
DA:21,0
DA:22,0
DA:23,0
DA:24,0
DA:27,0
DA:30,0
DA:31,0
DA:32,0
DA:33,0
DA:34,0
DA:37,0
DA:44,0
DA:45,0
DA:46,0
DA:47,0
DA:50,0
DA:51,0
DA:54,0
DA:55,0
DA:56,0
DA:57,0
DA:60,0
DA:61,0
DA:62,0
DA:64,0
DA:68,0
DA:69,0
DA:70,0
DA:71,0
DA:72,0
DA:74,0
DA:78,0
DA:79,0
DA:80,0
DA:81,0
DA:84,0
DA:97,0
LF:42
LH:0
BRDA:22,0,0,0
BRDA:22,0,1,0
BRDA:37,1,0,0
BRDA:37,1,1,0
BRDA:37,2,0,0
BRDA:37,2,1,0
BRDA:45,3,0,0
BRDA:45,3,1,0
BRDA:55,4,0,0
BRDA:55,4,1,0
BRDA:69,5,0,0
BRDA:69,5,1,0
BRDA:71,6,0,0
BRDA:71,6,1,0
BRDA:79,7,0,0
BRDA:79,7,1,0
BRDA:80,8,0,0
BRDA:80,8,1,0
BRDA:87,9,0,0
BRDA:87,9,1,0
BRDA:113,10,0,0
BRDA:113,10,1,0
BRDA:116,11,0,0
BRDA:116,11,1,0
BRDA:116,12,0,0
BRDA:116,12,1,0
BRDA:122,13,0,0
BRDA:122,13,1,0
BRDA:140,14,0,0
BRDA:140,14,1,0
BRDA:155,15,0,0
BRDA:155,15,1,0
BRDA:179,16,0,0
BRDA:179,16,1,0
BRDA:194,17,0,0
BRDA:194,17,1,0
BRF:36
BRH:0
end_of_record
TN:
SF:src/components/TabNavigation.tsx
FN:13,(anonymous_0)
FN:35,(anonymous_1)
FN:38,(anonymous_2)
FNF:3
FNH:0
FNDA:0,(anonymous_0)
FNDA:0,(anonymous_1)
FNDA:0,(anonymous_2)
DA:2,0
DA:13,0
DA:21,0
DA:23,0
DA:36,0
DA:38,0
LF:6
LH:0
BRDA:42,0,0,0
BRDA:42,0,1,0
BRF:2
BRH:0
end_of_record
TN:
SF:src/components/ToastContainer.tsx
FN:9,(anonymous_0)
FN:10,(anonymous_1)
FN:11,(anonymous_2)
FN:15,(anonymous_3)
FN:18,(anonymous_4)
FN:35,(anonymous_5)
FN:55,(anonymous_6)
FN:69,(anonymous_7)
FN:74,(anonymous_8)
FNF:9
FNH:0
FNDA:0,(anonymous_0)
FNDA:0,(anonymous_1)
FNDA:0,(anonymous_2)
FNDA:0,(anonymous_3)
FNDA:0,(anonymous_4)
FNDA:0,(anonymous_5)
FNDA:0,(anonymous_6)
FNDA:0,(anonymous_7)
FNDA:0,(anonymous_8)
DA:1,0
DA:9,0
DA:10,0
DA:11,0
DA:12,0
DA:15,0
DA:18,0
DA:19,0
DA:21,0
DA:23,0
DA:25,0
DA:27,0
DA:29,0
DA:31,0
DA:35,0
DA:36,0
DA:38,0
DA:40,0
DA:42,0
DA:44,0
DA:46,0
DA:50,0
DA:55,0
DA:69,0
DA:70,0
DA:72,0
DA:75,0
LF:27
LH:0
BRDA:13,0,0,0
BRDA:13,0,1,0
BRDA:21,1,0,0
BRDA:21,1,1,0
BRDA:21,1,2,0
BRDA:21,1,3,0
BRDA:21,1,4,0
BRDA:36,2,0,0
BRDA:36,2,1,0
BRDA:36,2,2,0
BRDA:36,2,3,0
BRDA:36,2,4,0
BRDA:70,3,0,0
BRDA:70,3,1,0
BRF:14
BRH:0
end_of_record
TN:
SF:src/data/apps.ts
FNF:0
FNH:0
DA:3,2
LF:1
LH:1
BRF:0
BRH:0
end_of_record
TN:
SF:src/hooks/useAppSelection.ts
FN:5,(anonymous_0)
FN:13,(anonymous_1)
FN:14,(anonymous_2)
FN:20,(anonymous_3)
FN:31,(anonymous_4)
FN:33,(anonymous_5)
FN:34,(anonymous_6)
FN:36,(anonymous_7)
FN:38,(anonymous_8)
FN:43,(anonymous_9)
FN:45,(anonymous_10)
FN:46,(anonymous_11)
FN:48,(anonymous_12)
FN:50,(anonymous_13)
FN:56,(anonymous_14)
FN:60,(anonymous_15)
FN:68,(anonymous_16)
FN:70,(anonymous_17)
FN:71,(anonymous_18)
FN:71,(anonymous_19)
FN:75,(anonymous_20)
FN:76,(anonymous_21)
FN:76,(anonymous_22)
FN:79,(anonymous_23)
FN:81,(anonymous_24)
FN:81,(anonymous_25)
FN:82,(anonymous_26)
FN:85,(anonymous_27)
FN:86,(anonymous_28)
FNF:29
FNH:29
FNDA:36,(anonymous_0)
FNDA:13,(anonymous_1)
FNDA:13,(anonymous_2)
FNDA:82,(anonymous_3)
FNDA:2,(anonymous_4)
FNDA:58,(anonymous_5)
FNDA:16,(anonymous_6)
FNDA:2,(anonymous_7)
FNDA:16,(anonymous_8)
FNDA:1,(anonymous_9)
FNDA:29,(anonymous_10)
FNDA:8,(anonymous_11)
FNDA:1,(anonymous_12)
FNDA:8,(anonymous_13)
FNDA:2,(anonymous_14)
FNDA:3,(anonymous_15)
FNDA:3,(anonymous_16)
FNDA:1,(anonymous_17)
FNDA:1,(anonymous_18)
FNDA:1,(anonymous_19)
FNDA:1,(anonymous_20)
FNDA:1,(anonymous_21)
FNDA:1,(anonymous_22)
FNDA:31,(anonymous_23)
FNDA:54,(anonymous_24)
FNDA:916,(anonymous_25)
FNDA:54,(anonymous_26)
FNDA:16,(anonymous_27)
FNDA:464,(anonymous_28)
DA:1,2
DA:3,2
DA:5,2
DA:6,36
DA:10,36
DA:11,36
DA:13,36
DA:14,13
DA:15,13
DA:16,13
DA:17,9
DA:20,82
DA:21,4
DA:22,2
DA:26,13
DA:27,13
DA:31,36
DA:32,2
DA:33,58
DA:34,16
DA:36,2
DA:37,2
DA:38,16
DA:39,2
DA:43,36
DA:44,1
DA:45,29
DA:46,8
DA:48,1
DA:49,1
DA:50,8
DA:51,1
DA:52,1
DA:56,36
DA:57,2
DA:60,36
DA:61,3
DA:68,3
DA:70,3
DA:71,1
DA:75,36
DA:76,1
DA:79,36
DA:80,31
DA:81,916
DA:82,54
DA:85,36
DA:86,464
DA:89,36
DA:90,36
DA:92,36
LF:51
LH:51
BRDA:16,0,0,9
BRDA:16,0,1,4
BRDA:21,1,0,2
BRDA:21,1,1,2
BRDA:21,2,0,1
BRDA:21,2,1,3
BRDA:21,3,0,4
BRDA:21,3,1,4
BRDA:45,4,0,29
BRDA:45,4,1,8
BRDA:60,5,0,1
BRDA:60,6,0,2
BRF:12
BRH:12
end_of_record
TN:
SF:src/services/ScriptGenerator.ts
FN:4,(anonymous_7)
FN:21,(anonymous_8)
FN:38,(anonymous_9)
FN:65,(anonymous_10)
FN:85,(anonymous_11)
FN:101,(anonymous_12)
FN:115,(anonymous_13)
FN:118,(anonymous_14)
FN:128,(anonymous_15)
FN:135,(anonymous_16)
FN:148,(anonymous_17)
FN:149,(anonymous_18)
FN:152,(anonymous_19)
FN:153,(anonymous_20)
FN:168,(anonymous_21)
FN:183,(anonymous_22)
FN:184,(anonymous_23)
FN:185,(anonymous_24)
FN:187,(anonymous_25)
FN:191,(anonymous_26)
FN:226,(anonymous_27)
FN:239,(anonymous_28)
FNF:22
FNH:22
FNDA:10,(anonymous_7)
FNDA:15,(anonymous_8)
FNDA:15,(anonymous_9)
FNDA:6,(anonymous_10)
FNDA:2,(anonymous_11)
FNDA:2,(anonymous_12)
FNDA:5,(anonymous_13)
FNDA:5,(anonymous_14)
FNDA:5,(anonymous_15)
FNDA:5,(anonymous_16)
FNDA:15,(anonymous_17)
FNDA:22,(anonymous_18)
FNDA:22,(anonymous_19)
FNDA:2,(anonymous_20)
FNDA:15,(anonymous_21)
FNDA:13,(anonymous_22)
FNDA:21,(anonymous_23)
FNDA:20,(anonymous_24)
FNDA:22,(anonymous_25)
FNDA:22,(anonymous_26)
FNDA:2,(anonymous_27)
FNDA:2,(anonymous_28)
DA:3,2
DA:5,10
DA:7,1
DA:9,6
DA:11,1
DA:13,1
DA:15,1
DA:17,0
DA:22,15
DA:24,15
DA:39,15
DA:66,6
DA:86,2
DA:102,2
DA:116,5
DA:118,5
DA:120,5
DA:129,5
DA:131,5
DA:135,5
DA:136,5
DA:141,5
DA:145,5
DA:149,22
DA:151,15
DA:152,22
DA:153,2
DA:156,15
DA:176,15
DA:178,15
DA:179,15
DA:183,15
DA:184,21
DA:185,20
DA:187,15
DA:188,22
DA:191,15
DA:192,22
DA:196,15
DA:197,6
DA:201,15
DA:202,2
DA:206,15
DA:207,5
DA:211,15
DA:212,5
DA:216,15
DA:217,2
DA:221,15
DA:223,15
DA:227,2
DA:228,2
DA:229,2
DA:230,2
DA:231,2
DA:232,2
DA:233,2
DA:234,2
DA:235,2
DA:236,2
DA:240,2
DA:241,2
DA:244,1
DA:245,1
DA:246,1
DA:247,1
DA:248,1
DA:249,1
LF:68
LH:67
BRDA:5,0,0,1
BRDA:5,0,1,6
BRDA:5,0,2,1
BRDA:5,0,3,1
BRDA:5,0,4,1
BRDA:5,0,5,0
BRDA:29,1,0,1
BRDA:29,1,1,14
BRDA:116,2,0,0
BRDA:116,2,1,5
BRDA:129,3,0,0
BRDA:129,3,1,5
BRDA:163,4,0,2
BRDA:163,4,1,13
BRDA:170,5,0,13
BRDA:178,6,0,15
BRDA:178,6,1,0
BRDA:188,7,0,22
BRDA:188,7,1,5
BRDA:196,8,0,6
BRDA:196,8,1,9
BRDA:201,9,0,2
BRDA:201,9,1,13
BRDA:206,10,0,5
BRDA:206,10,1,10
BRDA:211,11,0,5
BRDA:211,11,1,10
BRDA:216,12,0,2
BRDA:216,12,1,13
BRDA:226,13,0,1
BRF:30
BRH:26
end_of_record
