TN:
SF:src/App.tsx
FN:9,App
FN:25,(anonymous_1)
FN:26,(anonymous_2)
FNF:3
FNH:0
FNDA:0,App
FNDA:0,(anonymous_1)
FNDA:0,(anonymous_2)
DA:1,0
DA:2,0
DA:3,0
DA:4,0
DA:5,0
DA:6,0
DA:7,0
DA:10,0
DA:11,0
DA:13,0
DA:25,0
DA:26,0
DA:63,0
LF:13
LH:0
BRDA:43,0,0,0
BRDA:43,0,1,0
BRF:2
BRH:0
end_of_record
TN:
SF:src/components/AppGrid.tsx
FN:9,(anonymous_0)
FN:10,(anonymous_1)
FN:16,(anonymous_2)
FN:84,(anonymous_3)
FN:113,(anonymous_4)
FN:114,(anonymous_5)
FN:151,(anonymous_6)
FNF:7
FNH:0
FNDA:0,(anonymous_0)
FNDA:0,(anonymous_1)
FNDA:0,(anonymous_2)
FNDA:0,(anonymous_3)
FNDA:0,(anonymous_4)
FNDA:0,(anonymous_5)
FNDA:0,(anonymous_6)
DA:9,0
DA:10,0
DA:11,0
DA:12,0
DA:16,0
DA:17,0
DA:19,0
DA:21,0
DA:23,0
DA:25,0
DA:27,0
DA:29,0
DA:31,0
DA:35,0
DA:113,0
DA:114,0
DA:115,0
DA:117,0
DA:118,0
DA:126,0
DA:152,0
LF:21
LH:0
BRDA:11,0,0,0
BRDA:11,0,1,0
BRDA:19,1,0,0
BRDA:19,1,1,0
BRDA:19,1,2,0
BRDA:19,1,3,0
BRDA:19,1,4,0
BRDA:19,1,5,0
BRDA:40,2,0,0
BRDA:40,2,1,0
BRDA:44,3,0,0
BRDA:44,3,1,0
BRDA:45,4,0,0
BRDA:45,4,1,0
BRDA:50,5,0,0
BRDA:50,5,1,0
BRDA:56,6,0,0
BRDA:56,6,1,0
BRDA:65,7,0,0
BRDA:65,7,1,0
BRDA:89,8,0,0
BRDA:89,8,1,0
BRDA:90,9,0,0
BRDA:90,9,1,0
BRDA:95,10,0,0
BRDA:95,10,1,0
BRDA:97,11,0,0
BRDA:97,11,1,0
BRDA:117,12,0,0
BRDA:117,12,1,0
BRDA:139,13,0,0
BRDA:139,13,1,0
BRF:32
BRH:0
end_of_record
TN:
SF:src/components/Header.tsx
FN:6,(anonymous_0)
FNF:1
FNH:1
FNDA:6,(anonymous_0)
DA:6,1
DA:7,6
DA:9,6
LF:3
LH:3
BRDA:6,0,0,0
BRDA:6,1,0,0
BRDA:23,2,0,6
BRDA:23,2,1,2
BRDA:32,3,0,6
BRDA:32,3,1,4
BRDA:32,3,2,4
BRF:7
BRH:5
end_of_record
TN:
SF:src/components/ScriptSection.tsx
FN:13,(anonymous_7)
FN:23,(anonymous_8)
FN:23,(anonymous_9)
FN:32,(anonymous_10)
FN:46,(anonymous_11)
FN:56,(anonymous_12)
FN:56,(anonymous_13)
FN:70,(anonymous_14)
FN:80,(anonymous_15)
FN:98,(anonymous_16)
FNF:10
FNH:0
FNDA:0,(anonymous_7)
FNDA:0,(anonymous_8)
FNDA:0,(anonymous_9)
FNDA:0,(anonymous_10)
FNDA:0,(anonymous_11)
FNDA:0,(anonymous_12)
FNDA:0,(anonymous_13)
FNDA:0,(anonymous_14)
FNDA:0,(anonymous_15)
FNDA:0,(anonymous_16)
DA:1,0
DA:3,0
DA:13,0
DA:20,0
DA:21,0
DA:23,0
DA:24,0
DA:25,0
DA:26,0
DA:29,0
DA:32,0
DA:33,0
DA:34,0
DA:35,0
DA:36,0
DA:39,0
DA:46,0
DA:47,0
DA:48,0
DA:49,0
DA:52,0
DA:53,0
DA:56,0
DA:57,0
DA:58,0
DA:59,0
DA:62,0
DA:63,0
DA:64,0
DA:66,0
DA:70,0
DA:71,0
DA:72,0
DA:73,0
DA:74,0
DA:76,0
DA:80,0
DA:81,0
DA:82,0
DA:83,0
DA:86,0
DA:99,0
LF:42
LH:0
BRDA:24,0,0,0
BRDA:24,0,1,0
BRDA:39,1,0,0
BRDA:39,1,1,0
BRDA:39,2,0,0
BRDA:39,2,1,0
BRDA:47,3,0,0
BRDA:47,3,1,0
BRDA:57,4,0,0
BRDA:57,4,1,0
BRDA:71,5,0,0
BRDA:71,5,1,0
BRDA:73,6,0,0
BRDA:73,6,1,0
BRDA:81,7,0,0
BRDA:81,7,1,0
BRDA:82,8,0,0
BRDA:82,8,1,0
BRDA:89,9,0,0
BRDA:89,9,1,0
BRDA:123,10,0,0
BRDA:123,10,1,0
BRDA:126,11,0,0
BRDA:126,11,1,0
BRDA:126,12,0,0
BRDA:126,12,1,0
BRDA:132,13,0,0
BRDA:132,13,1,0
BRDA:150,14,0,0
BRDA:150,14,1,0
BRDA:165,15,0,0
BRDA:165,15,1,0
BRDA:189,16,0,0
BRDA:189,16,1,0
BRDA:204,17,0,0
BRDA:204,17,1,0
BRF:36
BRH:0
end_of_record
TN:
SF:src/components/TabNavigation.tsx
FN:16,(anonymous_0)
FN:41,(anonymous_1)
FN:44,(anonymous_2)
FNF:3
FNH:0
FNDA:0,(anonymous_0)
FNDA:0,(anonymous_1)
FNDA:0,(anonymous_2)
DA:2,0
DA:16,0
DA:27,0
DA:29,0
DA:42,0
DA:44,0
LF:6
LH:0
BRDA:24,0,0,0
BRDA:25,1,0,0
BRDA:48,2,0,0
BRDA:48,2,1,0
BRDA:61,3,0,0
BRDA:61,3,1,0
BRDA:61,3,2,0
BRDA:67,4,0,0
BRDA:67,4,1,0
BRF:9
BRH:0
end_of_record
TN:
SF:src/components/ToastContainer.tsx
FN:9,(anonymous_0)
FN:10,(anonymous_1)
FN:11,(anonymous_2)
FN:15,(anonymous_3)
FN:18,(anonymous_4)
FN:35,(anonymous_5)
FN:55,(anonymous_6)
FN:69,(anonymous_7)
FN:74,(anonymous_8)
FNF:9
FNH:0
FNDA:0,(anonymous_0)
FNDA:0,(anonymous_1)
FNDA:0,(anonymous_2)
FNDA:0,(anonymous_3)
FNDA:0,(anonymous_4)
FNDA:0,(anonymous_5)
FNDA:0,(anonymous_6)
FNDA:0,(anonymous_7)
FNDA:0,(anonymous_8)
DA:1,0
DA:9,0
DA:10,0
DA:11,0
DA:12,0
DA:15,0
DA:18,0
DA:19,0
DA:21,0
DA:23,0
DA:25,0
DA:27,0
DA:29,0
DA:31,0
DA:35,0
DA:36,0
DA:38,0
DA:40,0
DA:42,0
DA:44,0
DA:46,0
DA:50,0
DA:55,0
DA:69,0
DA:70,0
DA:72,0
DA:75,0
LF:27
LH:0
BRDA:13,0,0,0
BRDA:13,0,1,0
BRDA:21,1,0,0
BRDA:21,1,1,0
BRDA:21,1,2,0
BRDA:21,1,3,0
BRDA:21,1,4,0
BRDA:36,2,0,0
BRDA:36,2,1,0
BRDA:36,2,2,0
BRDA:36,2,3,0
BRDA:36,2,4,0
BRDA:70,3,0,0
BRDA:70,3,1,0
BRF:14
BRH:0
end_of_record
TN:
SF:src/data/apps.ts
FNF:0
FNH:0
DA:3,2
LF:1
LH:1
BRF:0
BRH:0
end_of_record
TN:
SF:src/hooks/useAppSelection.ts
FN:5,(anonymous_0)
FN:14,(anonymous_1)
FN:15,(anonymous_2)
FN:21,(anonymous_3)
FN:32,(anonymous_4)
FN:34,(anonymous_5)
FN:35,(anonymous_6)
FN:37,(anonymous_7)
FN:39,(anonymous_8)
FN:44,(anonymous_9)
FN:46,(anonymous_10)
FN:47,(anonymous_11)
FN:49,(anonymous_12)
FN:51,(anonymous_13)
FN:57,(anonymous_14)
FN:61,(anonymous_15)
FN:69,(anonymous_16)
FN:71,(anonymous_17)
FN:72,(anonymous_18)
FN:72,(anonymous_19)
FN:76,(anonymous_20)
FN:77,(anonymous_21)
FN:77,(anonymous_22)
FN:80,(anonymous_23)
FN:82,(anonymous_24)
FN:82,(anonymous_25)
FN:83,(anonymous_26)
FN:86,(anonymous_27)
FN:87,(anonymous_28)
FN:93,(anonymous_29)
FN:97,(anonymous_30)
FNF:31
FNH:29
FNDA:36,(anonymous_0)
FNDA:13,(anonymous_1)
FNDA:13,(anonymous_2)
FNDA:82,(anonymous_3)
FNDA:2,(anonymous_4)
FNDA:58,(anonymous_5)
FNDA:16,(anonymous_6)
FNDA:2,(anonymous_7)
FNDA:16,(anonymous_8)
FNDA:1,(anonymous_9)
FNDA:29,(anonymous_10)
FNDA:8,(anonymous_11)
FNDA:1,(anonymous_12)
FNDA:8,(anonymous_13)
FNDA:2,(anonymous_14)
FNDA:3,(anonymous_15)
FNDA:3,(anonymous_16)
FNDA:1,(anonymous_17)
FNDA:1,(anonymous_18)
FNDA:1,(anonymous_19)
FNDA:1,(anonymous_20)
FNDA:1,(anonymous_21)
FNDA:1,(anonymous_22)
FNDA:31,(anonymous_23)
FNDA:54,(anonymous_24)
FNDA:916,(anonymous_25)
FNDA:54,(anonymous_26)
FNDA:16,(anonymous_27)
FNDA:464,(anonymous_28)
FNDA:0,(anonymous_29)
FNDA:0,(anonymous_30)
DA:1,2
DA:3,2
DA:5,2
DA:6,36
DA:10,36
DA:11,36
DA:12,36
DA:14,36
DA:15,13
DA:16,13
DA:17,13
DA:18,9
DA:21,82
DA:22,4
DA:23,2
DA:27,13
DA:28,13
DA:32,36
DA:33,2
DA:34,58
DA:35,16
DA:37,2
DA:38,2
DA:39,16
DA:40,2
DA:44,36
DA:45,1
DA:46,29
DA:47,8
DA:49,1
DA:50,1
DA:51,8
DA:52,1
DA:53,1
DA:57,36
DA:58,2
DA:61,36
DA:62,3
DA:69,3
DA:71,3
DA:72,1
DA:76,36
DA:77,1
DA:80,36
DA:81,31
DA:82,916
DA:83,54
DA:86,36
DA:87,464
DA:90,36
DA:91,36
DA:93,36
DA:94,0
DA:97,36
DA:98,0
DA:101,36
LF:56
LH:54
BRDA:17,0,0,9
BRDA:17,0,1,4
BRDA:22,1,0,2
BRDA:22,1,1,2
BRDA:22,2,0,1
BRDA:22,2,1,3
BRDA:22,3,0,4
BRDA:22,3,1,4
BRDA:46,4,0,29
BRDA:46,4,1,8
BRDA:61,5,0,1
BRDA:61,6,0,2
BRF:12
BRH:12
end_of_record
TN:
SF:src/services/ScriptGenerator.ts
FN:4,(anonymous_7)
FN:21,(anonymous_8)
FN:38,(anonymous_9)
FN:65,(anonymous_10)
FN:85,(anonymous_11)
FN:101,(anonymous_12)
FN:115,(anonymous_13)
FN:118,(anonymous_14)
FN:128,(anonymous_15)
FN:135,(anonymous_16)
FN:148,(anonymous_17)
FN:149,(anonymous_18)
FN:152,(anonymous_19)
FN:153,(anonymous_20)
FN:168,(anonymous_21)
FN:183,(anonymous_22)
FN:184,(anonymous_23)
FN:185,(anonymous_24)
FN:187,(anonymous_25)
FN:191,(anonymous_26)
FN:226,(anonymous_27)
FN:239,(anonymous_28)
FNF:22
FNH:22
FNDA:10,(anonymous_7)
FNDA:15,(anonymous_8)
FNDA:15,(anonymous_9)
FNDA:6,(anonymous_10)
FNDA:2,(anonymous_11)
FNDA:2,(anonymous_12)
FNDA:5,(anonymous_13)
FNDA:5,(anonymous_14)
FNDA:5,(anonymous_15)
FNDA:5,(anonymous_16)
FNDA:15,(anonymous_17)
FNDA:22,(anonymous_18)
FNDA:22,(anonymous_19)
FNDA:2,(anonymous_20)
FNDA:15,(anonymous_21)
FNDA:13,(anonymous_22)
FNDA:21,(anonymous_23)
FNDA:20,(anonymous_24)
FNDA:22,(anonymous_25)
FNDA:22,(anonymous_26)
FNDA:2,(anonymous_27)
FNDA:2,(anonymous_28)
DA:3,2
DA:5,10
DA:7,1
DA:9,6
DA:11,1
DA:13,1
DA:15,1
DA:17,0
DA:22,15
DA:24,15
DA:39,15
DA:66,6
DA:86,2
DA:102,2
DA:116,5
DA:118,5
DA:120,5
DA:129,5
DA:131,5
DA:135,5
DA:136,5
DA:141,5
DA:145,5
DA:149,22
DA:151,15
DA:152,22
DA:153,2
DA:156,15
DA:176,15
DA:178,15
DA:179,15
DA:183,15
DA:184,21
DA:185,20
DA:187,15
DA:188,22
DA:191,15
DA:192,22
DA:196,15
DA:197,6
DA:201,15
DA:202,2
DA:206,15
DA:207,5
DA:211,15
DA:212,5
DA:216,15
DA:217,2
DA:221,15
DA:223,15
DA:227,2
DA:228,2
DA:229,2
DA:230,2
DA:231,2
DA:232,2
DA:233,2
DA:234,2
DA:235,2
DA:236,2
DA:240,2
DA:241,2
DA:244,1
DA:245,1
DA:246,1
DA:247,1
DA:248,1
DA:249,1
LF:68
LH:67
BRDA:5,0,0,1
BRDA:5,0,1,6
BRDA:5,0,2,1
BRDA:5,0,3,1
BRDA:5,0,4,1
BRDA:5,0,5,0
BRDA:29,1,0,1
BRDA:29,1,1,14
BRDA:116,2,0,0
BRDA:116,2,1,5
BRDA:129,3,0,0
BRDA:129,3,1,5
BRDA:163,4,0,2
BRDA:163,4,1,13
BRDA:170,5,0,13
BRDA:178,6,0,15
BRDA:178,6,1,0
BRDA:188,7,0,22
BRDA:188,7,1,5
BRDA:196,8,0,6
BRDA:196,8,1,9
BRDA:201,9,0,2
BRDA:201,9,1,13
BRDA:206,10,0,5
BRDA:206,10,1,10
BRDA:211,11,0,5
BRDA:211,11,1,10
BRDA:216,12,0,2
BRDA:216,12,1,13
BRDA:226,13,0,1
BRF:30
BRH:26
end_of_record
